#
# There is insufficient memory for the Java Runtime Environment to continue.
# Native memory allocation (mmap) failed to map 77070336 bytes for committing reserved memory.
# Possible reasons:
#   The system is out of physical RAM or swap space
#   In 32 bit mode, the process size limit was hit
# Possible solutions:
#   Reduce memory load on the system
#   Increase physical memory or swap space
#   Check if swap backing store is full
#   Use 64 bit Java on a 64 bit OS
#   Decrease Java heap size (-Xmx/-Xms)
#   Decrease number of Java threads
#   Decrease Java thread stack sizes (-Xss)
#   Set larger code cache with -XX:ReservedCodeCacheSize=
# This output file may be truncated or incomplete.
#
#  Out of Memory Error (os_linux.cpp:2640), pid=16479, tid=0x00007fada7afa700
#
# JRE version: OpenJDK Runtime Environment (8.0_152-b06) (build 1.8.0_152-release-1136-b06)
# Java VM: OpenJDK 64-Bit Server VM (25.152-b06 mixed mode linux-amd64 compressed oops)
# Failed to write core dump. Core dumps have been disabled. To enable core dumping, try "ulimit -c unlimited" before starting Java again
#

---------------  T H R E A D  ---------------

Current thread (0x00007fadc8079800):  VMThread [stack: 0x00007fada79fb000,0x00007fada7afb000] [id=16487]

Stack: [0x00007fada79fb000,0x00007fada7afb000],  sp=0x00007fada7af9520,  free space=1017k
Native frames: (J=compiled Java code, j=interpreted, Vv=VM code, C=native code)
V  [libjvm.so+0xa70d3f]  VMError::report_and_die()+0x2af
V  [libjvm.so+0x4c7207]  report_vm_out_of_memory(char const*, int, unsigned long, VMErrorType, char const*)+0x67
V  [libjvm.so+0x8b5b70]  os::pd_commit_memory(char*, unsigned long, unsigned long, bool)+0x100
V  [libjvm.so+0x8b078f]  os::commit_memory(char*, unsigned long, unsigned long, bool)+0x1f
V  [libjvm.so+0x92e446]  PSVirtualSpace::expand_by(unsigned long)+0x56
V  [libjvm.so+0x92f6d8]  PSYoungGen::resize(unsigned long, unsigned long)+0xd8
V  [libjvm.so+0x92be66]  PSScavenge::invoke_no_policy()+0x1356
V  [libjvm.so+0x92c20c]  PSScavenge::invoke()+0x4c
V  [libjvm.so+0x8dbda8]  ParallelScavengeHeap::failed_mem_allocate(unsigned long)+0x68
V  [libjvm.so+0xa72873]  VM_ParallelGCFailedAllocation::doit()+0x93
V  [libjvm.so+0xa778a6]  VM_Operation::evaluate()+0x46
V  [libjvm.so+0xa75102]  VMThread::evaluate_operation(VM_Operation*) [clone .constprop.31]+0xa2
V  [libjvm.so+0xa7652b]  VMThread::loop()+0x37b
V  [libjvm.so+0xa768d8]  VMThread::run()+0x78
V  [libjvm.so+0x8b3332]  java_start(Thread*)+0x102

VM_Operation (0x00007fad4bbfc6c0): ParallelGCFailedAllocation, mode: safepoint, requested by thread 0x00007fad5c14a000


---------------  P R O C E S S  ---------------

Java Threads: ( => current thread )
  0x00007fad5c14a000 JavaThread "Build operations Thread 4" [_thread_blocked, id=16523, stack(0x00007fad4bafd000,0x00007fad4bbfe000)]
  0x00007fad5c148800 JavaThread "Build operations Thread 3" [_thread_blocked, id=16522, stack(0x00007fad4bbfe000,0x00007fad4bcff000)]
  0x00007fad5c89a800 JavaThread "Build operations Thread 2" [_thread_blocked, id=16521, stack(0x00007fad4bcff000,0x00007fad4be00000)]
  0x00007fad5c89c800 JavaThread "Build operations" [_thread_blocked, id=16520, stack(0x00007fad78068000,0x00007fad78169000)]
  0x00007fad5cb47800 JavaThread "Cache worker for Artifact transforms cache (/home/appinventiv/.gradle/caches/transforms-1)" [_thread_blocked, id=16518, stack(0x00007fad78169000,0x00007fad7826a000)]
  0x00007fad5c368800 JavaThread "Cache worker for file hash cache (/home/appinventiv/AndroidStudioProjects/Shopoholic/ShopoholicBuddyAndroid/.gradle/4.6/fileHashes)" [_thread_blocked, id=16515, stack(0x00007fada42fa000,0x00007fada43fb000)]
  0x00007fad5c310800 JavaThread "File lock request listener" [_thread_in_native, id=16513, stack(0x00007fada45fb000,0x00007fada46fc000)]
  0x00007fad5c1c4000 JavaThread "Cache worker for file hash cache (/home/appinventiv/.gradle/caches/4.6/fileHashes)" [_thread_blocked, id=16512, stack(0x00007fada46fc000,0x00007fada47fd000)]
  0x00007fad5c015800 JavaThread "Stdin handler" [_thread_blocked, id=16511, stack(0x00007fada47fd000,0x00007fada48fe000)]
  0x00007fad5c011800 JavaThread "Asynchronous log dispatcher for DefaultDaemonConnection: socket connection from /127.0.0.1:43781 to /127.0.0.1:45550" [_thread_blocked, id=16510, stack(0x00007fada48fe000,0x00007fada49ff000)]
  0x00007fad7000a000 JavaThread "Daemon worker" [_thread_blocked, id=16507, stack(0x00007fada4bff000,0x00007fada4d00000)]
  0x00007fad70008800 JavaThread "Cancel handler" [_thread_blocked, id=16506, stack(0x00007fada4d00000,0x00007fada4e01000)]
  0x00007fad70004000 JavaThread "Handler for socket connection from /127.0.0.1:43781 to /127.0.0.1:45550" [_thread_in_native, id=16505, stack(0x00007fada4e01000,0x00007fada4f02000)]
  0x00007fad74046000 JavaThread "Daemon" [_thread_blocked, id=16504, stack(0x00007fada4f02000,0x00007fada5003000)]
  0x00007fadc8e4a800 JavaThread "Daemon periodic checks" [_thread_blocked, id=16503, stack(0x00007fada5003000,0x00007fada5104000)]
  0x00007fadc8e26000 JavaThread "Incoming local TCP Connector on port 43781" [_thread_in_native, id=16502, stack(0x00007fada510b000,0x00007fada520c000)]
  0x00007fadc80db800 JavaThread "Service Thread" daemon [_thread_blocked, id=16494, stack(0x00007fada6924000,0x00007fada6a25000)]
  0x00007fadc80be800 JavaThread "C1 CompilerThread2" daemon [_thread_blocked, id=16493, stack(0x00007fada6a26000,0x00007fada6b26000)]
  0x00007fadc80bc800 JavaThread "C2 CompilerThread1" daemon [_thread_blocked, id=16492, stack(0x00007fada6b27000,0x00007fada6c27000)]
  0x00007fadc80b9800 JavaThread "C2 CompilerThread0" daemon [_thread_blocked, id=16491, stack(0x00007fada6c28000,0x00007fada6d28000)]
  0x00007fadc80b8000 JavaThread "Signal Dispatcher" daemon [_thread_blocked, id=16490, stack(0x00007fada6d28000,0x00007fada6e29000)]
  0x00007fadc8085800 JavaThread "Finalizer" daemon [_thread_blocked, id=16489, stack(0x00007fada77f8000,0x00007fada78f9000)]
  0x00007fadc8081000 JavaThread "Reference Handler" daemon [_thread_blocked, id=16488, stack(0x00007fada78f9000,0x00007fada79fa000)]
  0x00007fadc800b800 JavaThread "main" [_thread_blocked, id=16482, stack(0x00007fadcf40f000,0x00007fadcf50f000)]

Other Threads:
=>0x00007fadc8079800 VMThread [stack: 0x00007fada79fb000,0x00007fada7afb000] [id=16487]
  0x00007fadc80de000 WatcherThread [stack: 0x00007fada6824000,0x00007fada6924000] [id=16495]

VM state:at safepoint (normal execution)

VM Mutex/Monitor currently owned by a thread:  ([mutex/lock_event])
[0x00007fadc80080a0] Threads_lock - owner thread: 0x00007fadc8079800
[0x00007fadc80085a0] Heap_lock - owner thread: 0x00007fad5c14a000

Heap:
 PSYoungGen      total 128000K, used 5104K [0x00000000e0000000, 0x00000000e8200000, 0x0000000100000000)
  eden space 122880K, 0% used [0x00000000e0000000,0x00000000e0000000,0x00000000e7800000)
  from space 5120K, 99% used [0x00000000e7800000,0x00000000e7cfc010,0x00000000e7d00000)
  to   space 5120K, 0% used [0x00000000e7d00000,0x00000000e7d00000,0x00000000e8200000)
 ParOldGen       total 60928K, used 15377K [0x00000000a0000000, 0x00000000a3b80000, 0x00000000e0000000)
  object space 60928K, 25% used [0x00000000a0000000,0x00000000a0f045e8,0x00000000a3b80000)
 Metaspace       used 29189K, capacity 29626K, committed 29952K, reserved 1075200K
  class space    used 4101K, capacity 4278K, committed 4352K, reserved 1048576K

Card table byte_map: [0x00007fadb8cff000,0x00007fadb9000000] byte_map_base: 0x00007fadb87ff000

Marking Bits: (ParMarkBitMap*) 0x00007fadce8b8160
 Begin Bits: [0x00007fadb57fc000, 0x00007fadb6ffc000)
 End Bits:   [0x00007fadb6ffc000, 0x00007fadb87fc000)

Polling page: 0x00007fadcf525000

CodeCache: size=245760Kb used=8580Kb max_used=8580Kb free=237179Kb
 bounds [0x00007fadb9000000, 0x00007fadb9870000, 0x00007fadc8000000]
 total_blobs=2931 nmethods=2273 adapters=572
 compilation: enabled

Compilation events (10 events):
Event: 34.229 Thread 0x00007fadc80be800 2432   !   3       java.io.ObjectStreamClass::lookup (335 bytes)
Event: 34.237 Thread 0x00007fadc80be800 nmethod 2432 0x00007fadb985d8d0 code [0x00007fadb985dda0, 0x00007fadb9861348]
Event: 34.332 Thread 0x00007fadc80be800 2433       1       com.google.common.collect.SingletonImmutableSet::size (2 bytes)
Event: 34.374 Thread 0x00007fadc80be800 nmethod 2433 0x00007fadb985d610 code [0x00007fadb985d760, 0x00007fadb985d870]
Event: 34.378 Thread 0x00007fadc80be800 2436       1       java.lang.Long::longValue (5 bytes)
Event: 34.380 Thread 0x00007fadc80be800 nmethod 2436 0x00007fadb985d350 code [0x00007fadb985d4a0, 0x00007fadb985d5b0]
Event: 34.380 Thread 0x00007fadc80be800 2434       3       com.google.common.collect.ImmutableSet::of (9 bytes)
Event: 34.387 Thread 0x00007fadc80be800 nmethod 2434 0x00007fadb985c9d0 code [0x00007fadb985cb80, 0x00007fadb985d048]
Event: 34.387 Thread 0x00007fadc80be800 2435       3       com.google.common.collect.SingletonImmutableSet::<init> (13 bytes)
Event: 34.388 Thread 0x00007fadc80be800 nmethod 2435 0x00007fadb985c1d0 code [0x00007fadb985c360, 0x00007fadb985c7a8]

GC Heap History (10 events):
Event: 3.201 GC heap after
Heap after GC invocations=1 (full 0):
 PSYoungGen      total 35840K, used 4103K [0x00000000e0000000, 0x00000000e4600000, 0x0000000100000000)
  eden space 30720K, 0% used [0x00000000e0000000,0x00000000e0000000,0x00000000e1e00000)
  from space 5120K, 80% used [0x00000000e1e00000,0x00000000e2201e80,0x00000000e2300000)
  to   space 5120K, 0% used [0x00000000e4100000,0x00000000e4100000,0x00000000e4600000)
 ParOldGen       total 81920K, used 0K [0x00000000a0000000, 0x00000000a5000000, 0x00000000e0000000)
  object space 81920K, 0% used [0x00000000a0000000,0x00000000a0000000,0x00000000a5000000)
 Metaspace       used 6847K, capacity 6990K, committed 7168K, reserved 1056768K
  class space    used 836K, capacity 907K, committed 1024K, reserved 1048576K
}
Event: 4.980 GC heap before
{Heap before GC invocations=2 (full 0):
 PSYoungGen      total 35840K, used 34823K [0x00000000e0000000, 0x00000000e4600000, 0x0000000100000000)
  eden space 30720K, 100% used [0x00000000e0000000,0x00000000e1e00000,0x00000000e1e00000)
  from space 5120K, 80% used [0x00000000e1e00000,0x00000000e2201e80,0x00000000e2300000)
  to   space 5120K, 0% used [0x00000000e4100000,0x00000000e4100000,0x00000000e4600000)
 ParOldGen       total 81920K, used 0K [0x00000000a0000000, 0x00000000a5000000, 0x00000000e0000000)
  object space 81920K, 0% used [0x00000000a0000000,0x00000000a0000000,0x00000000a5000000)
 Metaspace       used 10198K, capacity 10440K, committed 10752K, reserved 1058816K
  class space    used 1352K, capacity 1454K, committed 1536K, reserved 1048576K
Event: 5.005 GC heap after
Heap after GC invocations=2 (full 0):
 PSYoungGen      total 66560K, used 5070K [0x00000000e0000000, 0x00000000e4600000, 0x0000000100000000)
  eden space 61440K, 0% used [0x00000000e0000000,0x00000000e0000000,0x00000000e3c00000)
  from space 5120K, 99% used [0x00000000e4100000,0x00000000e45f3840,0x00000000e4600000)
  to   space 5120K, 0% used [0x00000000e3c00000,0x00000000e3c00000,0x00000000e4100000)
 ParOldGen       total 81920K, used 8K [0x00000000a0000000, 0x00000000a5000000, 0x00000000e0000000)
  object space 81920K, 0% used [0x00000000a0000000,0x00000000a0002000,0x00000000a5000000)
 Metaspace       used 10198K, capacity 10440K, committed 10752K, reserved 1058816K
  class space    used 1352K, capacity 1454K, committed 1536K, reserved 1048576K
}
Event: 7.416 GC heap before
{Heap before GC invocations=3 (full 0):
 PSYoungGen      total 66560K, used 66510K [0x00000000e0000000, 0x00000000e4600000, 0x0000000100000000)
  eden space 61440K, 100% used [0x00000000e0000000,0x00000000e3c00000,0x00000000e3c00000)
  from space 5120K, 99% used [0x00000000e4100000,0x00000000e45f3840,0x00000000e4600000)
  to   space 5120K, 0% used [0x00000000e3c00000,0x00000000e3c00000,0x00000000e4100000)
 ParOldGen       total 81920K, used 8K [0x00000000a0000000, 0x00000000a5000000, 0x00000000e0000000)
  object space 81920K, 0% used [0x00000000a0000000,0x00000000a0002000,0x00000000a5000000)
 Metaspace       used 16005K, capacity 16378K, committed 16640K, reserved 1062912K
  class space    used 2310K, capacity 2443K, committed 2560K, reserved 1048576K
Event: 7.479 GC heap after
Heap after GC invocations=3 (full 0):
 PSYoungGen      total 66560K, used 5088K [0x00000000e0000000, 0x00000000e8200000, 0x0000000100000000)
  eden space 61440K, 0% used [0x00000000e0000000,0x00000000e0000000,0x00000000e3c00000)
  from space 5120K, 99% used [0x00000000e3c00000,0x00000000e40f8030,0x00000000e4100000)
  to   space 5120K, 0% used [0x00000000e7d00000,0x00000000e7d00000,0x00000000e8200000)
 ParOldGen       total 81920K, used 4959K [0x00000000a0000000, 0x00000000a5000000, 0x00000000e0000000)
  object space 81920K, 6% used [0x00000000a0000000,0x00000000a04d7f90,0x00000000a5000000)
 Metaspace       used 16005K, capacity 16378K, committed 16640K, reserved 1062912K
  class space    used 2310K, capacity 2443K, committed 2560K, reserved 1048576K
}
Event: 9.112 GC heap before
{Heap before GC invocations=4 (full 0):
 PSYoungGen      total 66560K, used 32947K [0x00000000e0000000, 0x00000000e8200000, 0x0000000100000000)
  eden space 61440K, 45% used [0x00000000e0000000,0x00000000e1b34f18,0x00000000e3c00000)
  from space 5120K, 99% used [0x00000000e3c00000,0x00000000e40f8030,0x00000000e4100000)
  to   space 5120K, 0% used [0x00000000e7d00000,0x00000000e7d00000,0x00000000e8200000)
 ParOldGen       total 81920K, used 4959K [0x00000000a0000000, 0x00000000a5000000, 0x00000000e0000000)
  object space 81920K, 6% used [0x00000000a0000000,0x00000000a04d7f90,0x00000000a5000000)
 Metaspace       used 20677K, capacity 21082K, committed 21248K, reserved 1067008K
  class space    used 2903K, capacity 3039K, committed 3072K, reserved 1048576K
Event: 9.158 GC heap after
Heap after GC invocations=4 (full 0):
 PSYoungGen      total 128000K, used 5088K [0x00000000e0000000, 0x00000000e8200000, 0x0000000100000000)
  eden space 122880K, 0% used [0x00000000e0000000,0x00000000e0000000,0x00000000e7800000)
  from space 5120K, 99% used [0x00000000e7d00000,0x00000000e81f8060,0x00000000e8200000)
  to   space 5120K, 0% used [0x00000000e7800000,0x00000000e7800000,0x00000000e7d00000)
 ParOldGen       total 81920K, used 8983K [0x00000000a0000000, 0x00000000a5000000, 0x00000000e0000000)
  object space 81920K, 10% used [0x00000000a0000000,0x00000000a08c5ca8,0x00000000a5000000)
 Metaspace       used 20677K, capacity 21082K, committed 21248K, reserved 1067008K
  class space    used 2903K, capacity 3039K, committed 3072K, reserved 1048576K
}
Event: 9.159 GC heap before
{Heap before GC invocations=5 (full 1):
 PSYoungGen      total 128000K, used 5088K [0x00000000e0000000, 0x00000000e8200000, 0x0000000100000000)
  eden space 122880K, 0% used [0x00000000e0000000,0x00000000e0000000,0x00000000e7800000)
  from space 5120K, 99% used [0x00000000e7d00000,0x00000000e81f8060,0x00000000e8200000)
  to   space 5120K, 0% used [0x00000000e7800000,0x00000000e7800000,0x00000000e7d00000)
 ParOldGen       total 81920K, used 8983K [0x00000000a0000000, 0x00000000a5000000, 0x00000000e0000000)
  object space 81920K, 10% used [0x00000000a0000000,0x00000000a08c5ca8,0x00000000a5000000)
 Metaspace       used 20677K, capacity 21082K, committed 21248K, reserved 1067008K
  class space    used 2903K, capacity 3039K, committed 3072K, reserved 1048576K
Event: 9.326 GC heap after
Heap after GC invocations=5 (full 1):
 PSYoungGen      total 128000K, used 0K [0x00000000e0000000, 0x00000000e8200000, 0x0000000100000000)
  eden space 122880K, 0% used [0x00000000e0000000,0x00000000e0000000,0x00000000e7800000)
  from space 5120K, 0% used [0x00000000e7d00000,0x00000000e7d00000,0x00000000e8200000)
  to   space 5120K, 0% used [0x00000000e7800000,0x00000000e7800000,0x00000000e7d00000)
 ParOldGen       total 60928K, used 9041K [0x00000000a0000000, 0x00000000a3b80000, 0x00000000e0000000)
  object space 60928K, 14% used [0x00000000a0000000,0x00000000a08d4770,0x00000000a3b80000)
 Metaspace       used 20677K, capacity 21082K, committed 21248K, reserved 1067008K
  class space    used 2903K, capacity 3039K, committed 3072K, reserved 1048576K
}
Event: 34.521 GC heap before
{Heap before GC invocations=6 (full 1):
 PSYoungGen      total 128000K, used 122880K [0x00000000e0000000, 0x00000000e8200000, 0x0000000100000000)
  eden space 122880K, 100% used [0x00000000e0000000,0x00000000e7800000,0x00000000e7800000)
  from space 5120K, 0% used [0x00000000e7d00000,0x00000000e7d00000,0x00000000e8200000)
  to   space 5120K, 0% used [0x00000000e7800000,0x00000000e7800000,0x00000000e7d00000)
 ParOldGen       total 60928K, used 9041K [0x00000000a0000000, 0x00000000a3b80000, 0x00000000e0000000)
  object space 60928K, 14% used [0x00000000a0000000,0x00000000a08d4770,0x00000000a3b80000)
 Metaspace       used 29189K, capacity 29626K, committed 29952K, reserved 1075200K
  class space    used 4101K, capacity 4278K, committed 4352K, reserved 1048576K

Deoptimization events (10 events):
Event: 11.559 Thread 0x00007fad7000a000 Uncommon trap: reason=unstable_if action=reinterpret pc=0x00007fadb929c334 method=java.util.LinkedHashMap.afterNodeInsertion(Z)V @ 1
Event: 11.631 Thread 0x00007fad7000a000 Uncommon trap: reason=class_check action=maybe_recompile pc=0x00007fadb9516244 method=java.lang.reflect.Method.equals(Ljava/lang/Object;)Z @ 5
Event: 11.631 Thread 0x00007fad7000a000 Uncommon trap: reason=class_check action=maybe_recompile pc=0x00007fadb9516244 method=java.lang.reflect.Method.equals(Ljava/lang/Object;)Z @ 5
Event: 12.646 Thread 0x00007fad7000a000 Uncommon trap: reason=class_check action=maybe_recompile pc=0x00007fadb95111ec method=sun.misc.URLClassPath.getLoader(I)Lsun/misc/URLClassPath$Loader; @ 94
Event: 12.661 Thread 0x00007fad7000a000 Uncommon trap: reason=class_check action=maybe_recompile pc=0x00007fadb951c0ec method=sun.misc.URLClassPath.getLoader(I)Lsun/misc/URLClassPath$Loader; @ 239
Event: 13.003 Thread 0x00007fad7000a000 Uncommon trap: reason=unstable_if action=reinterpret pc=0x00007fadb9274b44 method=java.io.UnixFileSystem.resolve(Ljava/lang/String;Ljava/lang/String;)Ljava/lang/String; @ 18
Event: 14.259 Thread 0x00007fad7000a000 Uncommon trap: reason=range_check action=make_not_entrant pc=0x00007fadb9834d4c method=java.lang.String.charAt(I)C @ 27
Event: 14.452 Thread 0x00007fad7000a000 Uncommon trap: reason=unstable_if action=reinterpret pc=0x00007fadb929f83c method=java.net.URI.match(CJJ)Z @ 45
Event: 14.457 Thread 0x00007fad7000a000 Uncommon trap: reason=unstable_if action=reinterpret pc=0x00007fadb9161cec method=java.net.URI.match(CJJ)Z @ 19
Event: 14.457 Thread 0x00007fad7000a000 Uncommon trap: reason=unstable_if action=reinterpret pc=0x00007fadb9164c2c method=java.net.URI.match(CJJ)Z @ 19

Classes redefined (0 events):
No events

Internal exceptions (10 events):
Event: 13.131 Thread 0x00007fad7000a000 Exception <a 'java/lang/ClassNotFoundException': org/gradle/api/internal/DefaultDomainObjectCollectionCustomizer> (0x00000000e40b2120) thrown at [/usr/local/google/home/ralucas/source/AOSP-openjdk-git/jdk8u/hotspot/src/share/vm/classfile/systemDictionary.
Event: 13.141 Thread 0x00007fad7000a000 Exception <a 'java/lang/ClassNotFoundException': org/gradle/api/internal/DefaultNamedDomainObjectCollectionCustomizer> (0x00000000e4109c18) thrown at [/usr/local/google/home/ralucas/source/AOSP-openjdk-git/jdk8u/hotspot/src/share/vm/classfile/systemDictio
Event: 13.147 Thread 0x00007fad7000a000 Exception <a 'java/lang/ClassNotFoundException': org/gradle/api/internal/DefaultNamedDomainObjectListCustomizer> (0x00000000e4163258) thrown at [/usr/local/google/home/ralucas/source/AOSP-openjdk-git/jdk8u/hotspot/src/share/vm/classfile/systemDictionary.c
Event: 13.152 Thread 0x00007fad7000a000 Exception <a 'java/lang/ClassNotFoundException': org/gradle/api/internal/artifacts/DefaultArtifactRepositoryContainerCustomizer> (0x00000000e41d2e80) thrown at [/usr/local/google/home/ralucas/source/AOSP-openjdk-git/jdk8u/hotspot/src/share/vm/classfile/sy
Event: 13.157 Thread 0x00007fad7000a000 Exception <a 'java/lang/ClassNotFoundException': org/gradle/api/internal/artifacts/dsl/DefaultRepositoryHandlerCustomizer> (0x00000000e4234da8) thrown at [/usr/local/google/home/ralucas/source/AOSP-openjdk-git/jdk8u/hotspot/src/share/vm/classfile/systemDi
Event: 13.164 Thread 0x00007fad7000a000 Exception <a 'java/lang/ClassNotFoundException': org/gradle/api/internal/artifacts/dsl/DefaultRepositoryHandler_DecoratedCustomizer> (0x00000000e429fa60) thrown at [/usr/local/google/home/ralucas/source/AOSP-openjdk-git/jdk8u/hotspot/src/share/vm/classfil
Event: 14.090 Thread 0x00007fad7000a000 Exception <a 'java/lang/ClassNotFoundException': org/gradle/api/internal/artifacts/dsl/dependencies/DefaultDependencyHandler_DecoratedBeanInfo> (0x00000000e5832f58) thrown at [/usr/local/google/home/ralucas/source/AOSP-openjdk-git/jdk8u/hotspot/src/share/
Event: 14.092 Thread 0x00007fad7000a000 Exception <a 'java/lang/ClassNotFoundException': org/gradle/api/internal/artifacts/dsl/dependencies/DefaultDependencyHandlerBeanInfo> (0x00000000e58806f8) thrown at [/usr/local/google/home/ralucas/source/AOSP-openjdk-git/jdk8u/hotspot/src/share/vm/classfi
Event: 14.095 Thread 0x00007fad7000a000 Exception <a 'java/lang/ClassNotFoundException': org/gradle/api/internal/artifacts/dsl/dependencies/DefaultDependencyHandlerCustomizer> (0x00000000e58cecf8) thrown at [/usr/local/google/home/ralucas/source/AOSP-openjdk-git/jdk8u/hotspot/src/share/vm/class
Event: 14.105 Thread 0x00007fad7000a000 Exception <a 'java/lang/ClassNotFoundException': org/gradle/api/internal/artifacts/dsl/dependencies/DefaultDependencyHandler_DecoratedCustomizer> (0x00000000e59450c0) thrown at [/usr/local/google/home/ralucas/source/AOSP-openjdk-git/jdk8u/hotspot/src/shar

Events (10 events):
Event: 34.438 loading class org/gradle/api/internal/artifacts/ivyservice/resolveengine/artifact/ParallelResolveArtifactSet$VisitingSet$AsyncArtifactListenerAdapter done
Event: 34.458 loading class org/gradle/api/internal/artifacts/ivyservice/resolveengine/artifact/ArtifactBackedResolvedVariant$DownloadArtifactFile
Event: 34.458 loading class org/gradle/api/internal/artifacts/ivyservice/resolveengine/artifact/ArtifactBackedResolvedVariant$DownloadArtifactFile done
Event: 34.458 loading class org/gradle/internal/operations/DefaultBuildOperationQueue$WorkerRunnable
Event: 34.458 loading class org/gradle/internal/operations/DefaultBuildOperationQueue$WorkerRunnable done
Event: 34.481 Thread 0x00007fad5c89c800 Thread added: 0x00007fad5c89c800
Event: 34.488 Thread 0x00007fad5c89a800 Thread added: 0x00007fad5c89a800
Event: 34.488 Thread 0x00007fad5c148800 Thread added: 0x00007fad5c148800
Event: 34.491 Thread 0x00007fad5c14a000 Thread added: 0x00007fad5c14a000
Event: 34.504 Executing VM operation: ParallelGCFailedAllocation


Dynamic libraries:
a0000000-a3b80000 rw-p 00000000 00:00 0 
a3b80000-e0000000 ---p 00000000 00:00 0 
e0000000-e8200000 rw-p 00000000 00:00 0 
ecb80000-100000000 ---p 00000000 00:00 0 
100000000-100440000 rw-p 00000000 00:00 0 
100440000-140000000 ---p 00000000 00:00 0 
55d50a026000-55d50a027000 r-xp 00000000 fd:00 9178970                    /home/appinventiv/android-studio-ide-181.5056338-linux/android-studio/jre/bin/java
55d50a226000-55d50a227000 r--p 00000000 fd:00 9178970                    /home/appinventiv/android-studio-ide-181.5056338-linux/android-studio/jre/bin/java
55d50a227000-55d50a228000 rw-p 00001000 fd:00 9178970                    /home/appinventiv/android-studio-ide-181.5056338-linux/android-studio/jre/bin/java
55d50bdee000-55d50be0f000 rw-p 00000000 00:00 0                          [heap]
7fad34000000-7fad34021000 rw-p 00000000 00:00 0 
7fad34021000-7fad38000000 ---p 00000000 00:00 0 
7fad38000000-7fad38021000 rw-p 00000000 00:00 0 
7fad38021000-7fad3c000000 ---p 00000000 00:00 0 
7fad3c000000-7fad3c021000 rw-p 00000000 00:00 0 
7fad3c021000-7fad40000000 ---p 00000000 00:00 0 
7fad40000000-7fad40021000 rw-p 00000000 00:00 0 
7fad40021000-7fad44000000 ---p 00000000 00:00 0 
7fad44000000-7fad44021000 rw-p 00000000 00:00 0 
7fad44021000-7fad48000000 ---p 00000000 00:00 0 
7fad4bafd000-7fad4bb00000 ---p 00000000 00:00 0 
7fad4bb00000-7fad4bbfe000 rw-p 00000000 00:00 0 
7fad4bbfe000-7fad4bc01000 ---p 00000000 00:00 0 
7fad4bc01000-7fad4bcff000 rw-p 00000000 00:00 0 
7fad4bcff000-7fad4bd02000 ---p 00000000 00:00 0 
7fad4bd02000-7fad4bf00000 rw-p 00000000 00:00 0 
7fad4bf00000-7fad4c000000 ---p 00000000 00:00 0 
7fad4c000000-7fad4c021000 rw-p 00000000 00:00 0 
7fad4c021000-7fad50000000 ---p 00000000 00:00 0 
7fad50000000-7fad50021000 rw-p 00000000 00:00 0 
7fad50021000-7fad54000000 ---p 00000000 00:00 0 
7fad54000000-7fad54021000 rw-p 00000000 00:00 0 
7fad54021000-7fad58000000 ---p 00000000 00:00 0 
7fad58000000-7fad58026000 rw-p 00000000 00:00 0 
7fad58026000-7fad5c000000 ---p 00000000 00:00 0 
7fad5c000000-7fad5cc63000 rw-p 00000000 00:00 0 
7fad5cc63000-7fad60000000 ---p 00000000 00:00 0 
7fad60000000-7fad6027f000 rw-p 00000000 00:00 0 
7fad6027f000-7fad64000000 ---p 00000000 00:00 0 
7fad64000000-7fad64032000 rw-p 00000000 00:00 0 
7fad64032000-7fad68000000 ---p 00000000 00:00 0 
7fad68000000-7fad68021000 rw-p 00000000 00:00 0 
7fad68021000-7fad6c000000 ---p 00000000 00:00 0 
7fad6c000000-7fad6c021000 rw-p 00000000 00:00 0 
7fad6c021000-7fad70000000 ---p 00000000 00:00 0 
7fad70000000-7fad70021000 rw-p 00000000 00:00 0 
7fad70021000-7fad74000000 ---p 00000000 00:00 0 
7fad74000000-7fad7407a000 rw-p 00000000 00:00 0 
7fad7407a000-7fad78000000 ---p 00000000 00:00 0 
7fad78068000-7fad7806b000 ---p 00000000 00:00 0 
7fad7806b000-7fad78169000 rw-p 00000000 00:00 0 
7fad78169000-7fad7816c000 ---p 00000000 00:00 0 
7fad7816c000-7fad7846a000 rw-p 00000000 00:00 0 
7fad7846a000-7fad7866a000 rw-p 00000000 00:00 0 
7fad7866a000-7fad7886a000 rw-p 00000000 00:00 0 
7fad7886a000-7fad789e0000 r--s 02dfc000 fd:00 9180443                    /home/appinventiv/.gradle/caches/jars-3/69d11b19f5098d9a08f9958a046b88a8/android.jar
7fad789e0000-7fad78c2e000 r--s 017dd000 fd:00 8918595                    /home/appinventiv/.gradle/caches/jars-3/b34b8bb6133697c9d422ea5fae479315/gradle-api-impldep-4.4.jar
7fad78c2e000-7fad78d55000 r--s 009f7000 fd:00 8918593                    /home/appinventiv/.gradle/caches/jars-3/54ee404ddd6e27b77a64a351535042f0/gradle-api-4.4.jar
7fad78dff000-7fad78fff000 rw-p 00000000 00:00 0 
7fad78fff000-7fad7c000000 rw-p 00000000 00:00 0 
7fad7c000000-7fad7c021000 rw-p 00000000 00:00 0 
7fad7c021000-7fad80000000 ---p 00000000 00:00 0 
7fad80000000-7fad80021000 rw-p 00000000 00:00 0 
7fad80021000-7fad84000000 ---p 00000000 00:00 0 
7fad84000000-7fad85fd5000 rw-p 00000000 00:00 0 
7fad85fd5000-7fad88000000 ---p 00000000 00:00 0 
7fad88000000-7fad887fe000 rw-p 00000000 00:00 0 
7fad887fe000-7fad8c000000 ---p 00000000 00:00 0 
7fad8c000000-7fad8c021000 rw-p 00000000 00:00 0 
7fad8c021000-7fad90000000 ---p 00000000 00:00 0 
7fad90000000-7fad9235c000 rw-p 00000000 00:00 0 
7fad9235c000-7fad94000000 ---p 00000000 00:00 0 
7fad94000000-7fad94021000 rw-p 00000000 00:00 0 
7fad94021000-7fad98000000 ---p 00000000 00:00 0 
7fad98000000-7fad98021000 rw-p 00000000 00:00 0 
7fad98021000-7fad9c000000 ---p 00000000 00:00 0 
7fad9c000000-7fad9c2c0000 rw-p 00000000 00:00 0 
7fad9c2c0000-7fada0000000 ---p 00000000 00:00 0 
7fada0000000-7fada0021000 rw-p 00000000 00:00 0 
7fada0021000-7fada4000000 ---p 00000000 00:00 0 
7fada402b000-7fada405a000 r--s 00239000 fd:00 9180445                    /home/appinventiv/.gradle/caches/jars-3/e78d086d43fe590d24040393ce6cb069/guava-21.0.jar
7fada405a000-7fada40d3000 r--s 010fd000 fd:00 8918678                    /home/appinventiv/android-studio-ide-181.5056338-linux/android-studio/jre/lib/tools.jar
7fada40d6000-7fada40fa000 r--s 00624000 fd:00 9048548                    /home/appinventiv/.gradle/caches/jars-3/fa43a1ceb5e9e03a84a5092e6ebfd151/sdk-tools.jar
7fada40fa000-7fada42fa000 rw-p 00000000 00:00 0 
7fada42fa000-7fada42fd000 ---p 00000000 00:00 0 
7fada42fd000-7fada45fb000 rw-p 00000000 00:00 0 
7fada45fb000-7fada45fe000 ---p 00000000 00:00 0 
7fada45fe000-7fada46fc000 rw-p 00000000 00:00 0 
7fada46fc000-7fada46ff000 ---p 00000000 00:00 0 
7fada46ff000-7fada47fd000 rw-p 00000000 00:00 0 
7fada47fd000-7fada4800000 ---p 00000000 00:00 0 
7fada4800000-7fada48fe000 rw-p 00000000 00:00 0 
7fada48fe000-7fada4901000 ---p 00000000 00:00 0 
7fada4901000-7fada4bff000 rw-p 00000000 00:00 0 
7fada4bff000-7fada4c02000 ---p 00000000 00:00 0 
7fada4c02000-7fada4d00000 rw-p 00000000 00:00 0 
7fada4d00000-7fada4d03000 ---p 00000000 00:00 0 
7fada4d03000-7fada4e01000 rw-p 00000000 00:00 0 
7fada4e01000-7fada4e04000 ---p 00000000 00:00 0 
7fada4e04000-7fada4f02000 rw-p 00000000 00:00 0 
7fada4f02000-7fada4f05000 ---p 00000000 00:00 0 
7fada4f05000-7fada5003000 rw-p 00000000 00:00 0 
7fada5003000-7fada5006000 ---p 00000000 00:00 0 
7fada5006000-7fada5104000 rw-p 00000000 00:00 0 
7fada5104000-7fada510b000 r--s 00000000 fd:00 920197                     /usr/lib/x86_64-linux-gnu/gconv/gconv-modules.cache
7fada510b000-7fada510e000 ---p 00000000 00:00 0 
7fada510e000-7fada520c000 rw-p 00000000 00:00 0 
7fada520c000-7fada5211000 r--s 0009a000 fd:00 8918666                    /home/appinventiv/android-studio-ide-181.5056338-linux/android-studio/jre/jre/lib/jsse.jar
7fada5211000-7fada5411000 rw-p 00000000 00:00 0 
7fada5411000-7fada541a000 r-xp 00000000 fd:00 9048594                    /home/appinventiv/android-studio-ide-181.5056338-linux/android-studio/jre/jre/lib/amd64/libmanagement.so
7fada541a000-7fada5619000 ---p 00009000 fd:00 9048594                    /home/appinventiv/android-studio-ide-181.5056338-linux/android-studio/jre/jre/lib/amd64/libmanagement.so
7fada5619000-7fada561a000 r--p 00008000 fd:00 9048594                    /home/appinventiv/android-studio-ide-181.5056338-linux/android-studio/jre/jre/lib/amd64/libmanagement.so
7fada561a000-7fada561b000 rw-p 00009000 fd:00 9048594                    /home/appinventiv/android-studio-ide-181.5056338-linux/android-studio/jre/jre/lib/amd64/libmanagement.so
7fada561b000-7fada561d000 r--s 00007000 fd:00 8914941                    /home/appinventiv/.gradle/wrapper/dists/gradle-4.6-all/bcst21l2brirad8k2ben1letg/gradle-4.6/lib/plugins/gradle-tooling-api-builders-4.6.jar
7fada561d000-7fada5622000 r--s 00017000 fd:00 8914926                    /home/appinventiv/.gradle/wrapper/dists/gradle-4.6-all/bcst21l2brirad8k2ben1letg/gradle-4.6/lib/plugins/gradle-testing-native-4.6.jar
7fada5622000-7fada5624000 r--s 0000d000 fd:00 8915035                    /home/appinventiv/.gradle/wrapper/dists/gradle-4.6-all/bcst21l2brirad8k2ben1letg/gradle-4.6/lib/plugins/jcommander-1.47.jar
7fada5624000-7fada562d000 r--s 00089000 fd:00 8914997                    /home/appinventiv/.gradle/wrapper/dists/gradle-4.6-all/bcst21l2brirad8k2ben1letg/gradle-4.6/lib/plugins/testng-6.3.1.jar
7fada562d000-7fada5632000 r--s 0005a000 fd:00 8915001                    /home/appinventiv/.gradle/wrapper/dists/gradle-4.6-all/bcst21l2brirad8k2ben1letg/gradle-4.6/lib/plugins/bsh-2.0b6.jar
7fada5632000-7fada5636000 r--s 0001b000 fd:00 8914948                    /home/appinventiv/.gradle/wrapper/dists/gradle-4.6-all/bcst21l2brirad8k2ben1letg/gradle-4.6/lib/plugins/gradle-testing-jvm-4.6.jar
7fada5636000-7fada5638000 r--s 0000e000 fd:00 8915032                    /home/appinventiv/.gradle/wrapper/dists/gradle-4.6-all/bcst21l2brirad8k2ben1letg/gradle-4.6/lib/plugins/junit-platform-commons-1.0.3.jar
7fada5638000-7fada5639000 r--s 00001000 fd:00 8915038                    /home/appinventiv/.gradle/wrapper/dists/gradle-4.6-all/bcst21l2brirad8k2ben1letg/gradle-4.6/lib/plugins/opentest4j-1.0.0.jar
7fada5639000-7fada563c000 r--s 00013000 fd:00 8915031                    /home/appinventiv/.gradle/wrapper/dists/gradle-4.6-all/bcst21l2brirad8k2ben1letg/gradle-4.6/lib/plugins/junit-platform-engine-1.0.3.jar
7fada563c000-7fada563d000 r--s 00000000 fd:00 8915033                    /home/appinventiv/.gradle/wrapper/dists/gradle-4.6-all/bcst21l2brirad8k2ben1letg/gradle-4.6/lib/plugins/apiguardian-api-1.0.0.jar
7fada563d000-7fada563f000 r--s 0000c000 fd:00 8915002                    /home/appinventiv/.gradle/wrapper/dists/gradle-4.6-all/bcst21l2brirad8k2ben1letg/gradle-4.6/lib/plugins/junit-platform-launcher-1.0.3.jar
7fada563f000-7fada5640000 r--s 00003000 fd:00 8914947                    /home/appinventiv/.gradle/wrapper/dists/gradle-4.6-all/bcst21l2brirad8k2ben1letg/gradle-4.6/lib/plugins/gradle-testing-junit-platform-4.6.jar
7fada5640000-7fada5648000 r--s 00031000 fd:00 8914954                    /home/appinventiv/.gradle/wrapper/dists/gradle-4.6-all/bcst21l2brirad8k2ben1letg/gradle-4.6/lib/plugins/gradle-testing-base-4.6.jar
7fada5648000-7fada564f000 r--s 00043000 fd:00 8914992                    /home/appinventiv/.gradle/wrapper/dists/gradle-4.6-all/bcst21l2brirad8k2ben1letg/gradle-4.6/lib/plugins/bcpg-jdk15on-1.58.jar
7fada564f000-7fada5651000 r--s 0000e000 fd:00 8914924                    /home/appinventiv/.gradle/wrapper/dists/gradle-4.6-all/bcst21l2brirad8k2ben1letg/gradle-4.6/lib/plugins/gradle-signing-4.6.jar
7fada5651000-7fada5653000 r--s 00007000 fd:00 8914932                    /home/appinventiv/.gradle/wrapper/dists/gradle-4.6-all/bcst21l2brirad8k2ben1letg/gradle-4.6/lib/plugins/gradle-scala-4.6.jar
7fada5653000-7fada5654000 r--s 00004000 fd:00 8914964                    /home/appinventiv/.gradle/wrapper/dists/gradle-4.6-all/bcst21l2brirad8k2ben1letg/gradle-4.6/lib/plugins/gradle-resources-sftp-4.6.jar
7fada5654000-7fada565d000 r--s 0005a000 fd:00 8914975                    /home/appinventiv/.gradle/wrapper/dists/gradle-4.6-all/bcst21l2brirad8k2ben1letg/gradle-4.6/lib/plugins/aws-java-sdk-kms-1.11.267.jar
7fada565d000-7fada565f000 r--s 00005000 fd:00 8915008                    /home/appinventiv/.gradle/wrapper/dists/gradle-4.6-all/bcst21l2brirad8k2ben1letg/gradle-4.6/lib/plugins/jmespath-java-1.11.267.jar
7fada565f000-7fada5671000 r--s 000bb000 fd:00 8914974                    /home/appinventiv/.gradle/wrapper/dists/gradle-4.6-all/bcst21l2brirad8k2ben1letg/gradle-4.6/lib/plugins/aws-java-sdk-s3-1.11.267.jar
7fada5671000-7fada567b000 r--s 00081000 fd:00 8915029                    /home/appinventiv/.gradle/wrapper/dists/gradle-4.6-all/bcst21l2brirad8k2ben1letg/gradle-4.6/lib/plugins/ion-java-1.0.2.jar
7fada567b000-7fada5690000 r--s 000bd000 fd:00 8914976                    /home/appinventiv/.gradle/wrapper/dists/gradle-4.6-all/bcst21l2brirad8k2ben1letg/gradle-4.6/lib/plugins/aws-java-sdk-core-1.11.267.jar
7fada5690000-7fada5692000 r--s 00004000 fd:00 8914959                    /home/appinventiv/.gradle/wrapper/dists/gradle-4.6-all/bcst21l2brirad8k2ben1letg/gradle-4.6/lib/plugins/gradle-resources-s3-4.6.jar
7fada5692000-7fada56a2000 r--s 00088000 fd:00 8915012                    /home/appinventiv/.gradle/wrapper/dists/gradle-4.6-all/bcst21l2brirad8k2ben1letg/gradle-4.6/lib/plugins/joda-time-2.8.2.jar
7fada56a2000-7fada56b4000 r--s 0011f000 fd:00 8915009                    /home/appinventiv/.gradle/wrapper/dists/gradle-4.6-all/bcst21l2brirad8k2ben1letg/gradle-4.6/lib/plugins/jackson-databind-2.8.11.jar
7fada56b4000-7fada56b7000 r--s 0000b000 fd:00 8915011                    /home/appinventiv/.gradle/wrapper/dists/gradle-4.6-all/bcst21l2brirad8k2ben1letg/gradle-4.6/lib/plugins/jackson-annotations-2.8.11.jar
7fada56b7000-7fada56bb000 r--s 00042000 fd:00 8915010                    /home/appinventiv/.gradle/wrapper/dists/gradle-4.6-all/bcst21l2brirad8k2ben1letg/gradle-4.6/lib/plugins/jackson-core-2.8.11.jar
7fada56bb000-7fada56bc000 r--s 00001000 fd:00 8914980                    /home/appinventiv/.gradle/wrapper/dists/gradle-4.6-all/bcst21l2brirad8k2ben1letg/gradle-4.6/lib/plugins/google-http-client-jackson2-1.23.0.jar
7fada56bc000-7fada56c5000 r--s 0004f000 fd:00 8914981                    /home/appinventiv/.gradle/wrapper/dists/gradle-4.6-all/bcst21l2brirad8k2ben1letg/gradle-4.6/lib/plugins/google-http-client-1.23.0.jar
7fada56c5000-7fada56c8000 r--s 0000d000 fd:00 8914979                    /home/appinventiv/.gradle/wrapper/dists/gradle-4.6-all/bcst21l2brirad8k2ben1letg/gradle-4.6/lib/plugins/google-oauth-client-1.23.0.jar
7fada56c8000-7fada56cd000 r--s 0002c000 fd:00 8914978                    /home/appinventiv/.gradle/wrapper/dists/gradle-4.6-all/bcst21l2brirad8k2ben1letg/gradle-4.6/lib/plugins/google-api-client-1.23.0.jar
7fada56cd000-7fada56d1000 r--s 0001c000 fd:00 8914977                    /home/appinventiv/.gradle/wrapper/dists/gradle-4.6-all/bcst21l2brirad8k2ben1letg/gradle-4.6/lib/plugins/google-api-services-storage-v1-rev116-1.23.0.jar
7fada56d1000-7fada56d3000 r--s 00003000 fd:00 8914960                    /home/appinventiv/.gradle/wrapper/dists/gradle-4.6-all/bcst21l2brirad8k2ben1letg/gradle-4.6/lib/plugins/gradle-resources-gcs-4.6.jar
7fada56d3000-7fada56d5000 r--s 00010000 fd:00 8914955                    /home/appinventiv/.gradle/wrapper/dists/gradle-4.6-all/bcst21l2brirad8k2ben1letg/gradle-4.6/lib/plugins/gradle-reporting-4.6.jar
7fada56d5000-7fada56d7000 r--s 00005000 fd:00 8914956                    /home/appinventiv/.gradle/wrapper/dists/gradle-4.6-all/bcst21l2brirad8k2ben1letg/gradle-4.6/lib/plugins/gradle-publish-4.6.jar
7fada56d7000-7fada56d9000 r--s 00009000 fd:00 8914983                    /home/appinventiv/.gradle/wrapper/dists/gradle-4.6-all/bcst21l2brirad8k2ben1letg/gradle-4.6/lib/plugins/commons-cli-1.2.jar
7fada56d9000-7fada56e0000 r--s 00038000 fd:00 8914940                    /home/appinventiv/.gradle/wrapper/dists/gradle-4.6-all/bcst21l2brirad8k2ben1letg/gradle-4.6/lib/plugins/gradle-plugins-4.6.jar
7fada56e0000-7fada56e2000 r--s 00009000 fd:00 8914928                    /home/appinventiv/.gradle/wrapper/dists/gradle-4.6-all/bcst21l2brirad8k2ben1letg/gradle-4.6/lib/plugins/gradle-plugin-development-4.6.jar
7fada56e2000-7fada56e9000 r--s 0002f000 fd:00 8914935                    /home/appinventiv/.gradle/wrapper/dists/gradle-4.6-all/bcst21l2brirad8k2ben1letg/gradle-4.6/lib/plugins/gradle-platform-play-4.6.jar
7fada56e9000-7fada56ef000 r--s 00033000 fd:00 8914998                    /home/appinventiv/.gradle/wrapper/dists/gradle-4.6-all/bcst21l2brirad8k2ben1letg/gradle-4.6/lib/plugins/snakeyaml-1.6.jar
7fada56ef000-7fada5700000 r--s 00073000 fd:00 8914952                    /home/appinventiv/.gradle/wrapper/dists/gradle-4.6-all/bcst21l2brirad8k2ben1letg/gradle-4.6/lib/plugins/gradle-platform-native-4.6.jar
7fada5700000-7fada5704000 r--s 0001b000 fd:00 8914951                    /home/appinventiv/.gradle/wrapper/dists/gradle-4.6-all/bcst21l2brirad8k2ben1letg/gradle-4.6/lib/plugins/gradle-platform-jvm-4.6.jar
7fada5704000-7fada570b000 r--s 00028000 fd:00 8914957                    /home/appinventiv/.gradle/wrapper/dists/gradle-4.6-all/bcst21l2brirad8k2ben1letg/gradle-4.6/lib/plugins/gradle-platform-base-4.6.jar
7fada570b000-7fada5736000 r--s 00247000 fd:00 8914984                    /home/appinventiv/.gradle/wrapper/dists/gradle-4.6-all/bcst21l2brirad8k2ben1letg/gradle-4.6/lib/plugins/biz.aQute.bndlib-3.4.0.jar
7fada5736000-7fada5737000 r--s 00004000 fd:00 8914923                    /home/appinventiv/.gradle/wrapper/dists/gradle-4.6-all/bcst21l2brirad8k2ben1letg/gradle-4.6/lib/plugins/gradle-osgi-4.6.jar
7fada5737000-7fada573a000 r--s 0000c000 fd:00 8914988                    /home/appinventiv/.gradle/wrapper/dists/gradle-4.6-all/bcst21l2brirad8k2ben1letg/gradle-4.6/lib/plugins/pmaven-groovy-0.8-20100325.jar
7fada573a000-7fada573b000 r--s 00004000 fd:00 8914987                    /home/appinventiv/.gradle/wrapper/dists/gradle-4.6-all/bcst21l2brirad8k2ben1letg/gradle-4.6/lib/plugins/pmaven-common-0.8-20100325.jar
7fada573b000-7fada573c000 r--s 00007000 fd:00 8914969                    /home/appinventiv/.gradle/wrapper/dists/gradle-4.6-all/bcst21l2brirad8k2ben1letg/gradle-4.6/lib/plugins/wagon-http-shared4-2.4.jar
7fada573c000-7fada573d000 r--s 00002000 fd:00 8914968                    /home/appinventiv/.gradle/wrapper/dists/gradle-4.6-all/bcst21l2brirad8k2ben1letg/gradle-4.6/lib/plugins/wagon-http-2.4.jar
7fada573d000-7fada573e000 r--s 00002000 fd:00 8914989                    /home/appinventiv/.gradle/wrapper/dists/gradle-4.6-all/bcst21l2brirad8k2ben1letg/gradle-4.6/lib/plugins/wagon-file-2.4.jar
7fada573e000-7fada5740000 r--s 00006000 fd:00 8914990                    /home/appinventiv/.gradle/wrapper/dists/gradle-4.6-all/bcst21l2brirad8k2ben1letg/gradle-4.6/lib/plugins/aether-connector-wagon-1.13.1.jar
7fada5740000-7fada5745000 r--s 00026000 fd:00 8914929                    /home/appinventiv/.gradle/wrapper/dists/gradle-4.6-all/bcst21l2brirad8k2ben1letg/gradle-4.6/lib/plugins/gradle-maven-4.6.jar
7fada5745000-7fada5748000 r--s 0000b000 fd:00 8914946                    /home/appinventiv/.gradle/wrapper/dists/gradle-4.6-all/bcst21l2brirad8k2ben1letg/gradle-4.6/lib/plugins/gradle-language-scala-4.6.jar
7fada5748000-7fada5754000 r--s 00055000 fd:00 8914927                    /home/appinventiv/.gradle/wrapper/dists/gradle-4.6-all/bcst21l2brirad8k2ben1letg/gradle-4.6/lib/plugins/gradle-language-native-4.6.jar
7fada5754000-7fada5756000 r--s 00005000 fd:00 8914950                    /home/appinventiv/.gradle/wrapper/dists/gradle-4.6-all/bcst21l2brirad8k2ben1letg/gradle-4.6/lib/plugins/gradle-language-jvm-4.6.jar
7fada5756000-7fada575d000 r--s 00036000 fd:00 8914949                    /home/appinventiv/.gradle/wrapper/dists/gradle-4.6-all/bcst21l2brirad8k2ben1letg/gradle-4.6/lib/plugins/gradle-language-java-4.6.jar
7fada575d000-7fada575f000 r--s 0000b000 fd:00 8914945                    /home/appinventiv/.gradle/wrapper/dists/gradle-4.6-all/bcst21l2brirad8k2ben1letg/gradle-4.6/lib/plugins/gradle-language-groovy-4.6.jar
7fada575f000-7fada5766000 r--s 00035000 fd:00 8914995                    /home/appinventiv/.gradle/wrapper/dists/gradle-4.6-all/bcst21l2brirad8k2ben1letg/gradle-4.6/lib/plugins/simple-4.1.21.jar
7fada5766000-7fada5772000 r--s 00100000 fd:00 8914993                    /home/appinventiv/.gradle/wrapper/dists/gradle-4.6-all/bcst21l2brirad8k2ben1letg/gradle-4.6/lib/plugins/rhino-1.7R3.jar
7fada5772000-7fada5776000 r--s 00012000 fd:00 8914936                    /home/appinventiv/.gradle/wrapper/dists/gradle-4.6-all/bcst21l2brirad8k2ben1letg/gradle-4.6/lib/plugins/gradle-javascript-4.6.jar
7fada5776000-7fada5779000 r--s 00010000 fd:00 8914938                    /home/appinventiv/.gradle/wrapper/dists/gradle-4.6-all/bcst21l2brirad8k2ben1letg/gradle-4.6/lib/plugins/gradle-jacoco-4.6.jar
7fada5779000-7fada577c000 r--s 0000f000 fd:00 8914937                    /home/appinventiv/.gradle/wrapper/dists/gradle-4.6-all/bcst21l2brirad8k2ben1letg/gradle-4.6/lib/plugins/gradle-ivy-4.6.jar
7fada577c000-7fada577d000 r--s 00002000 fd:00 8914930                    /home/appinventiv/.gradle/wrapper/dists/gradle-4.6-all/bcst21l2brirad8k2ben1letg/gradle-4.6/lib/plugins/gradle-ide-play-4.6.jar
7fada577d000-7fada577e000 r--s 00011000 fd:00 8914999                    /home/appinventiv/.gradle/wrapper/dists/gradle-4.6-all/bcst21l2brirad8k2ben1letg/gradle-4.6/lib/plugins/dd-plist-1.20.jar
7fada577e000-7fada5784000 r--s 0002c000 fd:00 8914925                    /home/appinventiv/.gradle/wrapper/dists/gradle-4.6-all/bcst21l2brirad8k2ben1letg/gradle-4.6/lib/plugins/gradle-ide-native-4.6.jar
7fada5784000-7fada578e000 r--s 00056000 fd:00 8914931                    /home/appinventiv/.gradle/wrapper/dists/gradle-4.6-all/bcst21l2brirad8k2ben1letg/gradle-4.6/lib/plugins/gradle-ide-4.6.jar
7fada578e000-7fada5790000 r--s 00007000 fd:00 8914934                    /home/appinventiv/.gradle/wrapper/dists/gradle-4.6-all/bcst21l2brirad8k2ben1letg/gradle-4.6/lib/plugins/gradle-ear-4.6.jar
7fada5790000-7fada5792000 r--s 00005000 fd:00 8914970                    /home/appinventiv/.gradle/wrapper/dists/gradle-4.6-all/bcst21l2brirad8k2ben1letg/gradle-4.6/lib/plugins/jatl-0.2.2.jar
7fada5792000-7fada5798000 r--s 0003a000 fd:00 8914953                    /home/appinventiv/.gradle/wrapper/dists/gradle-4.6-all/bcst21l2brirad8k2ben1letg/gradle-4.6/lib/plugins/gradle-diagnostics-4.6.jar
7fada5798000-7fada579a000 r--s 0000c000 fd:00 8914943                    /home/appinventiv/.gradle/wrapper/dists/gradle-4.6-all/bcst21l2brirad8k2ben1letg/gradle-4.6/lib/plugins/gradle-composite-builds-4.6.jar
7fada579a000-7fada579f000 r--s 00026000 fd:00 8914921                    /home/appinventiv/.gradle/wrapper/dists/gradle-4.6-all/bcst21l2brirad8k2ben1letg/gradle-4.6/lib/plugins/gradle-code-quality-4.6.jar
7fada579f000-7fada57a1000 r--s 0000b000 fd:00 8914996                    /home/appinventiv/.gradle/wrapper/dists/gradle-4.6-all/bcst21l2brirad8k2ben1letg/gradle-4.6/lib/plugins/maven-plugin-api-3.0.4.jar
7fada57a1000-7fada57a3000 r--s 0000b000 fd:00 8915019                    /home/appinventiv/.gradle/wrapper/dists/gradle-4.6-all/bcst21l2brirad8k2ben1letg/gradle-4.6/lib/plugins/wagon-provider-api-2.4.jar
7fada57a3000-7fada57a9000 r--s 0003f000 fd:00 8914985                    /home/appinventiv/.gradle/wrapper/dists/gradle-4.6-all/bcst21l2brirad8k2ben1letg/gradle-4.6/lib/plugins/maven-compat-3.0.4.jar
7fada57a9000-7fada57ad000 r--s 0001d000 fd:00 8914973                    /home/appinventiv/.gradle/wrapper/dists/gradle-4.6-all/bcst21l2brirad8k2ben1letg/gradle-4.6/lib/plugins/xbean-reflect-3.4.jar
7fada57ad000-7fada57af000 r--s 00009000 fd:00 8915030                    /home/appinventiv/.gradle/wrapper/dists/gradle-4.6-all/bcst21l2brirad8k2ben1letg/gradle-4.6/lib/plugins/hamcrest-core-1.3.jar
7fada57af000-7fada57b7000 r--s 00045000 fd:00 8915000                    /home/appinventiv/.gradle/wrapper/dists/gradle-4.6-all/bcst21l2brirad8k2ben1letg/gradle-4.6/lib/plugins/junit-4.12.jar
7fada57b7000-7fada57b9000 r--s 0000a000 fd:00 8915020                    /home/appinventiv/.gradle/wrapper/dists/gradle-4.6-all/bcst21l2brirad8k2ben1letg/gradle-4.6/lib/plugins/plexus-classworlds-2.4.jar
7fada57b9000-7fada57c0000 r--s 0002e000 fd:00 8914972                    /home/appinventiv/.gradle/wrapper/dists/gradle-4.6-all/bcst21l2brirad8k2ben1letg/gradle-4.6/lib/plugins/plexus-container-default-1.5.5.jar
7fada57c0000-7fada57c5000 r--s 00027000 fd:00 8914939                    /home/appinventiv/.gradle/wrapper/dists/gradle-4.6-all/bcst21l2brirad8k2ben1letg/gradle-4.6/lib/plugins/gradle-build-init-4.6.jar
7fada57c5000-7fada57cc000 r--s 0002c000 fd:00 8914933                    /home/appinventiv/.gradle/wrapper/dists/gradle-4.6-all/bcst21l2brirad8k2ben1letg/gradle-4.6/lib/plugins/gradle-build-comparison-4.6.jar
7fada57cc000-7fada57cd000 r--s 00002000 fd:00 8914961                    /home/appinventiv/.gradle/wrapper/dists/gradle-4.6-all/bcst21l2brirad8k2ben1letg/gradle-4.6/lib/plugins/gradle-build-cache-http-4.6.jar
7fada57cd000-7fada57cf000 r--s 00008000 fd:00 8914922                    /home/appinventiv/.gradle/wrapper/dists/gradle-4.6-all/bcst21l2brirad8k2ben1letg/gradle-4.6/lib/plugins/gradle-antlr-4.6.jar
7fada57cf000-7fada57d1000 r--s 00004000 fd:00 8914944                    /home/appinventiv/.gradle/wrapper/dists/gradle-4.6-all/bcst21l2brirad8k2ben1letg/gradle-4.6/lib/plugins/gradle-announce-4.6.jar
7fada57d1000-7fada57d3000 r--s 0000a000 fd:00 8914849                    /home/appinventiv/.gradle/wrapper/dists/gradle-4.6-all/bcst21l2brirad8k2ben1letg/gradle-4.6/lib/gradle-kotlin-dsl-tooling-builders-0.15.6.jar
7fada57d3000-7fada57d5000 r--s 0000c000 fd:00 8914958                    /home/appinventiv/.gradle/wrapper/dists/gradle-4.6-all/bcst21l2brirad8k2ben1letg/gradle-4.6/lib/plugins/gradle-plugin-use-4.6.jar
7fada57d5000-7fada57d6000 r--s 00000000 fd:00 8914859                    /home/appinventiv/.gradle/wrapper/dists/gradle-4.6-all/bcst21l2brirad8k2ben1letg/gradle-4.6/lib/gradle-runtime-api-info-4.6.jar
7fada57d6000-7fada57ef000 r--s 00135000 fd:00 8915005                    /home/appinventiv/.gradle/wrapper/dists/gradle-4.6-all/bcst21l2brirad8k2ben1letg/gradle-4.6/lib/plugins/xercesImpl-2.11.0.jar
7fada57ef000-7fada57f2000 r--s 0001c000 fd:00 8915004                    /home/appinventiv/.gradle/wrapper/dists/gradle-4.6-all/bcst21l2brirad8k2ben1letg/gradle-4.6/lib/plugins/nekohtml-1.9.20.jar
7fada57f2000-7fada57f8000 r--s 0005b000 fd:00 8915003                    /home/appinventiv/.gradle/wrapper/dists/gradle-4.6-all/bcst21l2brirad8k2ben1letg/gradle-4.6/lib/plugins/jcifs-1.3.17.jar
7fada57f8000-7fada57fb000 r--s 0000c000 fd:00 8914963                    /home/appinventiv/.gradle/wrapper/dists/gradle-4.6-all/bcst21l2brirad8k2ben1letg/gradle-4.6/lib/plugins/gradle-resources-http-4.6.jar
7fada57fb000-7fada5800000 r--s 00040000 fd:00 8915007                    /home/appinventiv/.gradle/wrapper/dists/gradle-4.6-all/bcst21l2brirad8k2ben1letg/gradle-4.6/lib/plugins/jsch-0.1.54.jar
7fada5800000-7fada5823000 r--s 00223000 fd:00 8914971                    /home/appinventiv/.gradle/wrapper/dists/gradle-4.6-all/bcst21l2brirad8k2ben1letg/gradle-4.6/lib/plugins/org.eclipse.jgit-4.5.3.201708160445-r.jar
7fada5823000-7fada582a000 r--s 00049000 fd:00 8915034                    /home/appinventiv/.gradle/wrapper/dists/gradle-4.6-all/bcst21l2brirad8k2ben1letg/gradle-4.6/lib/plugins/httpcore-4.4.9.jar
7fada582a000-7fada5831000 r--s 0003f000 fd:00 8914991                    /home/appinventiv/.gradle/wrapper/dists/gradle-4.6-all/bcst21l2brirad8k2ben1letg/gradle-4.6/lib/plugins/commons-codec-1.10.jar
7fada5831000-7fada583f000 r--s 000ae000 fd:00 8914982                    /home/appinventiv/.gradle/wrapper/dists/gradle-4.6-all/bcst21l2brirad8k2ben1letg/gradle-4.6/lib/plugins/httpclient-4.5.5.jar
7fada583f000-7fada5841000 r--s 00007000 fd:00 8914966                    /home/appinventiv/.gradle/wrapper/dists/gradle-4.6-all/bcst21l2brirad8k2ben1letg/gradle-4.6/lib/plugins/gradle-version-control-4.6.jar
7fada5841000-7fada5842000 r--s 00000000 fd:00 8914862                    /home/appinventiv/.gradle/wrapper/dists/gradle-4.6-all/bcst21l2brirad8k2ben1letg/gradle-4.6/lib/gradle-installation-beacon-4.6.jar
7fada5842000-7fada5844000 r--s 00006000 fd:00 8915027                    /home/appinventiv/.gradle/wrapper/dists/gradle-4.6-all/bcst21l2brirad8k2ben1letg/gradle-4.6/lib/plugins/maven-repository-metadata-3.0.4.jar
7fada5844000-7fada5846000 r--s 0000c000 fd:00 8915014                    /home/appinventiv/.gradle/wrapper/dists/gradle-4.6-all/bcst21l2brirad8k2ben1letg/gradle-4.6/lib/plugins/maven-aether-provider-3.0.4.jar
7fada5846000-7fada584a000 r--s 00021000 fd:00 8915021                    /home/appinventiv/.gradle/wrapper/dists/gradle-4.6-all/bcst21l2brirad8k2ben1letg/gradle-4.6/lib/plugins/maven-model-builder-3.0.4.jar
7fada584a000-7fada584c000 r--s 00026000 fd:00 8915022                    /home/appinventiv/.gradle/wrapper/dists/gradle-4.6-all/bcst21l2brirad8k2ben1letg/gradle-4.6/lib/plugins/maven-model-3.0.4.jar
7fada584c000-7fada584e000 r--s 0000a000 fd:00 8915025                    /home/appinventiv/.gradle/wrapper/dists/gradle-4.6-all/bcst21l2brirad8k2ben1letg/gradle-4.6/lib/plugins/maven-settings-3.0.4.jar
7fada584e000-7fada5850000 r--s 00002000 fd:00 8915039                    /home/appinventiv/.gradle/wrapper/dists/gradle-4.6-all/bcst21l2brirad8k2ben1letg/gradle-4.6/lib/plugins/plexus-cipher-1.7.jar
7fada5850000-7fada5851000 r--s 00006000 fd:00 8915026                    /home/appinventiv/.gradle/wrapper/dists/gradle-4.6-all/bcst21l2brirad8k2ben1letg/gradle-4.6/lib/plugins/plexus-sec-dispatcher-1.3.jar
7fada5851000-7fada5853000 r--s 0000d000 fd:00 8915036                    /home/appinventiv/.gradle/wrapper/dists/gradle-4.6-all/bcst21l2brirad8k2ben1letg/gradle-4.6/lib/plugins/plexus-interpolation-1.14.jar
7fada5853000-7fada5855000 r--s 00000000 fd:00 8915037                    /home/appinventiv/.gradle/wrapper/dists/gradle-4.6-all/bcst21l2brirad8k2ben1letg/gradle-4.6/lib/plugins/plexus-component-annotations-1.5.5.jar
7fada5855000-7fada5858000 r--s 00008000 fd:00 8915023                    /home/appinventiv/.gradle/wrapper/dists/gradle-4.6-all/bcst21l2brirad8k2ben1letg/gradle-4.6/lib/plugins/maven-settings-builder-3.0.4.jar
7fada5858000-7fada585c000 r--s 00035000 fd:00 8915028                    /home/appinventiv/.gradle/wrapper/dists/gradle-4.6-all/bcst21l2brirad8k2ben1letg/gradle-4.6/lib/plugins/plexus-utils-3.0.8.jar
7fada585c000-7fada585e000 r--s 0000b000 fd:00 8915024                    /home/appinventiv/.gradle/wrapper/dists/gradle-4.6-all/bcst21l2brirad8k2ben1letg/gradle-4.6/lib/plugins/maven-artifact-3.0.4.jar
7fada585e000-7fada586a000 r--s 0007d000 fd:00 8914986                    /home/appinventiv/.gradle/wrapper/dists/gradle-4.6-all/bcst21l2brirad8k2ben1letg/gradle-4.6/lib/plugins/maven-core-3.0.4.jar
7fada586a000-7fada5879000 r--s 000d9000 fd:00 8915006                    /home/appinventiv/.gradle/wrapper/dists/gradle-4.6-all/bcst21l2brirad8k2ben1letg/gradle-4.6/lib/plugins/ivy-2.2.0.jar
7fada5879000-7fada58cc000 r--s 00373000 fd:00 8915013                    /home/appinventiv/.gradle/wrapper/dists/gradle-4.6-all/bcst21l2brirad8k2ben1letg/gradle-4.6/lib/plugins/bcprov-jdk15on-1.58.jar
7fada58cc000-7fada58f4000 r--s 00146000 fd:00 8914962                    /home/appinventiv/.gradle/wrapper/dists/gradle-4.6-all/bcst21l2brirad8k2ben1letg/gradle-4.6/lib/plugins/gradle-dependency-management-4.6.jar
7fada58f4000-7fada590b000 r-xp 00000000 fd:00 7864326                    /lib/x86_64-linux-gnu/libgcc_s.so.1
7fada590b000-7fada5b0a000 ---p 00017000 fd:00 7864326                    /lib/x86_64-linux-gnu/libgcc_s.so.1
7fada5b0a000-7fada5b0b000 r--p 00016000 fd:00 7864326                    /lib/x86_64-linux-gnu/libgcc_s.so.1
7fada5b0b000-7fada5b0c000 rw-p 00017000 fd:00 7864326                    /lib/x86_64-linux-gnu/libgcc_s.so.1
7fada5b0c000-7fada5c85000 r-xp 00000000 fd:00 658054                     /usr/lib/x86_64-linux-gnu/libstdc++.so.6.0.25
7fada5c85000-7fada5e85000 ---p 00179000 fd:00 658054                     /usr/lib/x86_64-linux-gnu/libstdc++.so.6.0.25
7fada5e85000-7fada5e8f000 r--p 00179000 fd:00 658054                     /usr/lib/x86_64-linux-gnu/libstdc++.so.6.0.25
7fada5e8f000-7fada5e91000 rw-p 00183000 fd:00 658054                     /usr/lib/x86_64-linux-gnu/libstdc++.so.6.0.25
7fada5e91000-7fada5e95000 rw-p 00000000 00:00 0 
7fada5e95000-7fada5e96000 r--s 00003000 fd:00 8915016                    /home/appinventiv/.gradle/wrapper/dists/gradle-4.6-all/bcst21l2brirad8k2ben1letg/gradle-4.6/lib/plugins/aether-spi-1.13.1.jar
7fada5e96000-7fada5e99000 r--s 0001d000 fd:00 8915015                    /home/appinventiv/.gradle/wrapper/dists/gradle-4.6-all/bcst21l2brirad8k2ben1letg/gradle-4.6/lib/plugins/aether-impl-1.13.1.jar
7fada5e99000-7fada5e9d000 r--s 0001c000 fd:00 8915017                    /home/appinventiv/.gradle/wrapper/dists/gradle-4.6-all/bcst21l2brirad8k2ben1letg/gradle-4.6/lib/plugins/aether-util-1.13.1.jar
7fada5e9d000-7fada5ea0000 r--s 00013000 fd:00 8915018                    /home/appinventiv/.gradle/wrapper/dists/gradle-4.6-all/bcst21l2brirad8k2ben1letg/gradle-4.6/lib/plugins/aether-api-1.13.1.jar
7fada5ea0000-7fada5ea5000 r--s 00034000 fd:00 8914994                    /home/appinventiv/.gradle/wrapper/dists/gradle-4.6-all/bcst21l2brirad8k2ben1letg/gradle-4.6/lib/plugins/gson-2.7.jar
7fada5ea5000-7fada5ea7000 r--s 00010000 fd:00 8914967                    /home/appinventiv/.gradle/wrapper/dists/gradle-4.6-all/bcst21l2brirad8k2ben1letg/gradle-4.6/lib/plugins/asm-util-6.0.jar
7fada5ea7000-7fada5eaa000 r--s 0000d000 fd:00 8914965                    /home/appinventiv/.gradle/wrapper/dists/gradle-4.6-all/bcst21l2brirad8k2ben1letg/gradle-4.6/lib/plugins/gradle-workers-4.6.jar
7fada5eaa000-7fada5eaf000 r-xp 00000000 fd:00 8918568                    /home/appinventiv/.gradle/native/25/linux-amd64/libnative-platform.so
7fada5eaf000-7fada60ae000 ---p 00005000 fd:00 8918568                    /home/appinventiv/.gradle/native/25/linux-amd64/libnative-platform.so
7fada60ae000-7fada60af000 rw-p 00004000 fd:00 8918568                    /home/appinventiv/.gradle/native/25/linux-amd64/libnative-platform.so
7fada60af000-7fada60c0000 r-xp 00000000 fd:00 9048618                    /home/appinventiv/android-studio-ide-181.5056338-linux/android-studio/jre/jre/lib/amd64/libnio.so
7fada60c0000-7fada62bf000 ---p 00011000 fd:00 9048618                    /home/appinventiv/android-studio-ide-181.5056338-linux/android-studio/jre/jre/lib/amd64/libnio.so
7fada62bf000-7fada62c0000 r--p 00010000 fd:00 9048618                    /home/appinventiv/android-studio-ide-181.5056338-linux/android-studio/jre/jre/lib/amd64/libnio.so
7fada62c0000-7fada62c1000 rw-p 00011000 fd:00 9048618                    /home/appinventiv/android-studio-ide-181.5056338-linux/android-studio/jre/jre/lib/amd64/libnio.so
7fada62c1000-7fada62d7000 r-xp 00000000 fd:00 9048627                    /home/appinventiv/android-studio-ide-181.5056338-linux/android-studio/jre/jre/lib/amd64/libnet.so
7fada62d7000-7fada64d6000 ---p 00016000 fd:00 9048627                    /home/appinventiv/android-studio-ide-181.5056338-linux/android-studio/jre/jre/lib/amd64/libnet.so
7fada64d6000-7fada64d7000 r--p 00015000 fd:00 9048627                    /home/appinventiv/android-studio-ide-181.5056338-linux/android-studio/jre/jre/lib/amd64/libnet.so
7fada64d7000-7fada64d8000 rw-p 00016000 fd:00 9048627                    /home/appinventiv/android-studio-ide-181.5056338-linux/android-studio/jre/jre/lib/amd64/libnet.so
7fada64d8000-7fada64d9000 r--s 00006000 fd:00 8914861                    /home/appinventiv/.gradle/wrapper/dists/gradle-4.6-all/bcst21l2brirad8k2ben1letg/gradle-4.6/lib/gradle-wrapper-4.6.jar
7fada64d9000-7fada64e7000 r--s 00046000 fd:00 8914860                    /home/appinventiv/.gradle/wrapper/dists/gradle-4.6-all/bcst21l2brirad8k2ben1letg/gradle-4.6/lib/gradle-tooling-api-4.6.jar
7fada64e7000-7fada64e9000 r--s 00002000 fd:00 8914857                    /home/appinventiv/.gradle/wrapper/dists/gradle-4.6-all/bcst21l2brirad8k2ben1letg/gradle-4.6/lib/kotlin-stdlib-jdk8-1.2.21.jar
7fada64e9000-7fada64ea000 r--s 00000000 fd:00 8914856                    /home/appinventiv/.gradle/wrapper/dists/gradle-4.6-all/bcst21l2brirad8k2ben1letg/gradle-4.6/lib/kotlin-stdlib-jdk7-1.2.21.jar
7fada64ea000-7fada64f9000 r--s 000d5000 fd:00 8914855                    /home/appinventiv/.gradle/wrapper/dists/gradle-4.6-all/bcst21l2brirad8k2ben1letg/gradle-4.6/lib/kotlin-stdlib-1.2.21.jar
7fada64f9000-7fada64fb000 r--s 00008000 fd:00 8914854                    /home/appinventiv/.gradle/wrapper/dists/gradle-4.6-all/bcst21l2brirad8k2ben1letg/gradle-4.6/lib/kotlin-script-runtime-1.2.21.jar
7fada64fb000-7fada64fc000 r--s 00002000 fd:00 8914853                    /home/appinventiv/.gradle/wrapper/dists/gradle-4.6-all/bcst21l2brirad8k2ben1letg/gradle-4.6/lib/kotlin-sam-with-receiver-compiler-plugin-1.2.21.jar
7fada64fc000-7fada6530000 r--s 0023d000 fd:00 8914852                    /home/appinventiv/.gradle/wrapper/dists/gradle-4.6-all/bcst21l2brirad8k2ben1letg/gradle-4.6/lib/kotlin-reflect-1.2.21.jar
7fada6530000-7fada66df000 r--s 017aa000 fd:00 8914851                    /home/appinventiv/.gradle/wrapper/dists/gradle-4.6-all/bcst21l2brirad8k2ben1letg/gradle-4.6/lib/kotlin-compiler-embeddable-1.2.21.jar
7fada66df000-7fada66e1000 r--s 00000000 fd:00 8914850                    /home/appinventiv/.gradle/wrapper/dists/gradle-4.6-all/bcst21l2brirad8k2ben1letg/gradle-4.6/lib/gradle-kotlin-dsl-tooling-models-0.15.6.jar
7fada66e1000-7fada66e3000 r--s 00003000 fd:00 8914847                    /home/appinventiv/.gradle/wrapper/dists/gradle-4.6-all/bcst21l2brirad8k2ben1letg/gradle-4.6/lib/annotations-13.0.jar
7fada66e3000-7fada66ef000 r--s 0009c000 fd:00 8914848                    /home/appinventiv/.gradle/wrapper/dists/gradle-4.6-all/bcst21l2brirad8k2ben1letg/gradle-4.6/lib/gradle-kotlin-dsl-0.15.6.jar
7fada66ef000-7fada66f3000 r--s 00013000 fd:00 8914866                    /home/appinventiv/.gradle/wrapper/dists/gradle-4.6-all/bcst21l2brirad8k2ben1letg/gradle-4.6/lib/gradle-build-cache-4.6.jar
7fada66f3000-7fada66f9000 r--s 0002e000 fd:00 8914870                    /home/appinventiv/.gradle/wrapper/dists/gradle-4.6-all/bcst21l2brirad8k2ben1letg/gradle-4.6/lib/gradle-persistent-cache-4.6.jar
7fada66f9000-7fada66fd000 r--s 00014000 fd:00 8914869                    /home/appinventiv/.gradle/wrapper/dists/gradle-4.6-all/bcst21l2brirad8k2ben1letg/gradle-4.6/lib/gradle-resources-4.6.jar
7fada66fd000-7fada66fe000 r--s 00003000 fd:00 8914877                    /home/appinventiv/.gradle/wrapper/dists/gradle-4.6-all/bcst21l2brirad8k2ben1letg/gradle-4.6/lib/gradle-build-option-4.6.jar
7fada66fe000-7fada6700000 r--s 00005000 fd:00 8914878                    /home/appinventiv/.gradle/wrapper/dists/gradle-4.6-all/bcst21l2brirad8k2ben1letg/gradle-4.6/lib/gradle-cli-4.6.jar
7fada6700000-7fada6702000 r--s 00004000 fd:00 8914886                    /home/appinventiv/.gradle/wrapper/dists/gradle-4.6-all/bcst21l2brirad8k2ben1letg/gradle-4.6/lib/log4j-over-slf4j-1.7.16.jar
7fada6702000-7fada6704000 r--s 00000000 fd:00 8914885                    /home/appinventiv/.gradle/wrapper/dists/gradle-4.6-all/bcst21l2brirad8k2ben1letg/gradle-4.6/lib/jul-to-slf4j-1.7.16.jar
7fada6704000-7fada6706000 r--s 00003000 fd:00 8914888                    /home/appinventiv/.gradle/wrapper/dists/gradle-4.6-all/bcst21l2brirad8k2ben1letg/gradle-4.6/lib/jcl-over-slf4j-1.7.16.jar
7fada6706000-7fada670d000 r--s 00030000 fd:00 8914867                    /home/appinventiv/.gradle/wrapper/dists/gradle-4.6-all/bcst21l2brirad8k2ben1letg/gradle-4.6/lib/gradle-logging-4.6.jar
7fada670d000-7fada671d000 r--s 00082000 fd:00 8914873                    /home/appinventiv/.gradle/wrapper/dists/gradle-4.6-all/bcst21l2brirad8k2ben1letg/gradle-4.6/lib/gradle-model-core-4.6.jar
7fada671d000-7fada671f000 r--s 00006000 fd:00 8914874                    /home/appinventiv/.gradle/wrapper/dists/gradle-4.6-all/bcst21l2brirad8k2ben1letg/gradle-4.6/lib/gradle-base-services-groovy-4.6.jar
7fada671f000-7fada6721000 r--s 00007000 fd:00 8914872                    /home/appinventiv/.gradle/wrapper/dists/gradle-4.6-all/bcst21l2brirad8k2ben1letg/gradle-4.6/lib/gradle-model-groovy-4.6.jar
7fada6721000-7fada6722000 r--s 00002000 fd:00 8914901                    /home/appinventiv/.gradle/wrapper/dists/gradle-4.6-all/bcst21l2brirad8k2ben1letg/gradle-4.6/lib/gradle-docs-4.6.jar
7fada6722000-7fada672b000 r--s 0002d000 fd:00 8914900                    /home/appinventiv/.gradle/wrapper/dists/gradle-4.6-all/bcst21l2brirad8k2ben1letg/gradle-4.6/lib/xml-apis-1.4.01.jar
7fada672b000-7fada672c000 r--s 00000000 fd:00 8914896                    /home/appinventiv/.gradle/wrapper/dists/gradle-4.6-all/bcst21l2brirad8k2ben1letg/gradle-4.6/lib/javax.inject-1.jar
7fada672c000-7fada679c000 r--s 00646000 fd:00 8914887                    /home/appinventiv/.gradle/wrapper/dists/gradle-4.6-all/bcst21l2brirad8k2ben1letg/gradle-4.6/lib/groovy-all-2.4.12.jar
7fada679c000-7fada67a6000 r--s 00078000 fd:00 8914899                    /home/appinventiv/.gradle/wrapper/dists/gradle-4.6-all/bcst21l2brirad8k2ben1letg/gradle-4.6/lib/commons-compress-1.14.jar
7fada67a6000-7fada67b3000 r--s 00083000 fd:00 8914897                    /home/appinventiv/.gradle/wrapper/dists/gradle-4.6-all/bcst21l2brirad8k2ben1letg/gradle-4.6/lib/commons-collections-3.2.2.jar
7fada67b3000-7fada67b5000 r--s 0000a000 fd:00 8914880                    /home/appinventiv/.gradle/wrapper/dists/gradle-4.6-all/bcst21l2brirad8k2ben1letg/gradle-4.6/lib/asm-tree-6.0.jar
7fada67b5000-7fada67b6000 r--s 00012000 fd:00 8914879                    /home/appinventiv/.gradle/wrapper/dists/gradle-4.6-all/bcst21l2brirad8k2ben1letg/gradle-4.6/lib/asm-commons-6.0.jar
7fada67b6000-7fada67b7000 r--s 00004000 fd:00 8914904                    /home/appinventiv/.gradle/wrapper/dists/gradle-4.6-all/bcst21l2brirad8k2ben1letg/gradle-4.6/lib/native-platform-freebsd-amd64-libcpp-0.14.jar
7fada67b7000-7fada67b8000 r--s 00004000 fd:00 8914905                    /home/appinventiv/.gradle/wrapper/dists/gradle-4.6-all/bcst21l2brirad8k2ben1letg/gradle-4.6/lib/native-platform-freebsd-amd64-libstdcpp-0.14.jar
7fada67b8000-7fada67b9000 r--s 00004000 fd:00 8914906                    /home/appinventiv/.gradle/wrapper/dists/gradle-4.6-all/bcst21l2brirad8k2ben1letg/gradle-4.6/lib/native-platform-freebsd-i386-libcpp-0.14.jar
7fada67b9000-7fada67ba000 r--s 00003000 fd:00 8914907                    /home/appinventiv/.gradle/wrapper/dists/gradle-4.6-all/bcst21l2brirad8k2ben1letg/gradle-4.6/lib/native-platform-freebsd-i386-libstdcpp-0.14.jar
7fada67ba000-7fada67bb000 r--s 00002000 fd:00 8914908                    /home/appinventiv/.gradle/wrapper/dists/gradle-4.6-all/bcst21l2brirad8k2ben1letg/gradle-4.6/lib/native-platform-linux-amd64-0.14.jar
7fada67bb000-7fada67bc000 r--s 00002000 fd:00 8914909                    /home/appinventiv/.gradle/wrapper/dists/gradle-4.6-all/bcst21l2brirad8k2ben1letg/gradle-4.6/lib/native-platform-linux-i386-0.14.jar
7fada67bc000-7fada67be000 r--s 00002000 fd:00 8914910                    /home/appinventiv/.gradle/wrapper/dists/gradle-4.6-all/bcst21l2brirad8k2ben1letg/gradle-4.6/lib/native-platform-osx-amd64-0.14.jar
7fada67be000-7fada67bf000 r--s 00003000 fd:00 8914911                    /home/appinventiv/.gradle/wrapper/dists/gradle-4.6-all/bcst21l2brirad8k2ben1letg/gradle-4.6/lib/native-platform-osx-i386-0.14.jar
7fada67bf000-7fada67c1000 r--s 0000b000 fd:00 8914912                    /home/appinventiv/.gradle/wrapper/dists/gradle-4.6-all/bcst21l2brirad8k2ben1letg/gradle-4.6/lib/native-platform-windows-amd64-0.14.jar
7fada67c1000-7fada67c2000 r--s 0000b000 fd:00 8914913                    /home/appinventiv/.gradle/wrapper/dists/gradle-4.6-all/bcst21l2brirad8k2ben1letg/gradle-4.6/lib/native-platform-windows-i386-0.14.jar
7fada67c2000-7fada67c3000 r--s 00001000 fd:00 8914914                    /home/appinventiv/.gradle/wrapper/dists/gradle-4.6-all/bcst21l2brirad8k2ben1letg/gradle-4.6/lib/native-platform-linux-amd64-ncurses5-0.14.jar
7fada67c3000-7fada67c4000 r--s 00001000 fd:00 8914915                    /home/appinventiv/.gradle/wrapper/dists/gradle-4.6-all/bcst21l2brirad8k2ben1letg/gradle-4.6/lib/native-platform-linux-amd64-ncurses6-0.14.jar
7fada67c4000-7fada67c5000 r--s 00001000 fd:00 8914916                    /home/appinventiv/.gradle/wrapper/dists/gradle-4.6-all/bcst21l2brirad8k2ben1letg/gradle-4.6/lib/native-platform-linux-i386-ncurses5-0.14.jar
7fada67c5000-7fada67c9000 r--s 00012000 fd:00 8914898                    /home/appinventiv/.gradle/wrapper/dists/gradle-4.6-all/bcst21l2brirad8k2ben1letg/gradle-4.6/lib/native-platform-0.14.jar
7fada67c9000-7fada67cc000 r--s 00023000 fd:00 8914902                    /home/appinventiv/.gradle/wrapper/dists/gradle-4.6-all/bcst21l2brirad8k2ben1letg/gradle-4.6/lib/jansi-1.14.jar
7fada67cc000-7fada67cf000 r--s 0000c000 fd:00 8914871                    /home/appinventiv/.gradle/wrapper/dists/gradle-4.6-all/bcst21l2brirad8k2ben1letg/gradle-4.6/lib/gradle-native-4.6.jar
7fada67cf000-7fada67d1000 r--s 0000f000 fd:00 8914882                    /home/appinventiv/.gradle/wrapper/dists/gradle-4.6-all/bcst21l2brirad8k2ben1letg/gradle-4.6/lib/reflectasm-1.07-shaded.jar
7fada67d1000-7fada67d3000 r--s 00000000 fd:00 8914918                    /home/appinventiv/.gradle/wrapper/dists/gradle-4.6-all/bcst21l2brirad8k2ben1letg/gradle-4.6/lib/minlog-1.2.jar
7fada67d3000-7fada67d5000 r--s 00007000 fd:00 8914919                    /home/appinventiv/.gradle/wrapper/dists/gradle-4.6-all/bcst21l2brirad8k2ben1letg/gradle-4.6/lib/objenesis-1.2.jar
7fada67d5000-7fada67dc000 r--s 0002b000 fd:00 8914875                    /home/appinventiv/.gradle/wrapper/dists/gradle-4.6-all/bcst21l2brirad8k2ben1letg/gradle-4.6/lib/gradle-messaging-4.6.jar
7fada67dc000-7fada6804000 r--s 001cf000 fd:00 8914890                    /home/appinventiv/.gradle/wrapper/dists/gradle-4.6-all/bcst21l2brirad8k2ben1letg/gradle-4.6/lib/guava-jdk5-17.0.jar
7fada6804000-7fada6823000 r--s 001d5000 fd:00 8914895                    /home/appinventiv/.gradle/wrapper/dists/gradle-4.6-all/bcst21l2brirad8k2ben1letg/gradle-4.6/lib/ant-1.9.9.jar
7fada6823000-7fada6824000 ---p 00000000 00:00 0 
7fada6824000-7fada6924000 rw-p 00000000 00:00 0 
7fada6924000-7fada6927000 ---p 00000000 00:00 0 
7fada6927000-7fada6a25000 rw-p 00000000 00:00 0 
7fada6a25000-7fada6a26000 ---p 00000000 00:00 0 
7fada6a26000-7fada6a29000 ---p 00000000 00:00 0 
7fada6a29000-7fada6b26000 rw-p 00000000 00:00 0 
7fada6b26000-7fada6b27000 ---p 00000000 00:00 0 
7fada6b27000-7fada6b2a000 ---p 00000000 00:00 0 
7fada6b2a000-7fada6c27000 rw-p 00000000 00:00 0 
7fada6c27000-7fada6c28000 ---p 00000000 00:00 0 
7fada6c28000-7fada6c2b000 ---p 00000000 00:00 0 
7fada6c2b000-7fada6d28000 rw-p 00000000 00:00 0 
7fada6d28000-7fada6d2b000 ---p 00000000 00:00 0 
7fada6d2b000-7fada6e29000 rw-p 00000000 00:00 0 
7fada6e29000-7fada77f8000 r--p 00000000 fd:00 662171                     /usr/lib/locale/locale-archive
7fada77f8000-7fada77fb000 ---p 00000000 00:00 0 
7fada77fb000-7fada78f9000 rw-p 00000000 00:00 0 
7fada78f9000-7fada78fc000 ---p 00000000 00:00 0 
7fada78fc000-7fada79fa000 rw-p 00000000 00:00 0 
7fada79fa000-7fada79fb000 ---p 00000000 00:00 0 
7fada79fb000-7fada8000000 rw-p 00000000 00:00 0 
7fada8000000-7fada8021000 rw-p 00000000 00:00 0 
7fada8021000-7fadac000000 ---p 00000000 00:00 0 
7fadac000000-7fadac02a000 rw-p 00000000 00:00 0 
7fadac02a000-7fadb0000000 ---p 00000000 00:00 0 
7fadb0000000-7fadb0021000 rw-p 00000000 00:00 0 
7fadb0021000-7fadb4000000 ---p 00000000 00:00 0 
7fadb4000000-7fadb4001000 r--s 00001000 fd:00 8914917                    /home/appinventiv/.gradle/wrapper/dists/gradle-4.6-all/bcst21l2brirad8k2ben1letg/gradle-4.6/lib/native-platform-linux-i386-ncurses6-0.14.jar
7fadb4001000-7fadb4005000 r--s 00026000 fd:00 8914881                    /home/appinventiv/.gradle/wrapper/dists/gradle-4.6-all/bcst21l2brirad8k2ben1letg/gradle-4.6/lib/kryo-2.20.jar
7fadb4005000-7fadb4007000 r--s 00006000 fd:00 8914868                    /home/appinventiv/.gradle/wrapper/dists/gradle-4.6-all/bcst21l2brirad8k2ben1letg/gradle-4.6/lib/gradle-process-services-4.6.jar
7fadb4007000-7fadb4009000 r--s 00000000 fd:00 8914864                    /home/appinventiv/.gradle/wrapper/dists/gradle-4.6-all/bcst21l2brirad8k2ben1letg/gradle-4.6/lib/gradle-jvm-services-4.6.jar
7fadb4009000-7fadb400b000 r--s 00006000 fd:00 8914891                    /home/appinventiv/.gradle/wrapper/dists/gradle-4.6-all/bcst21l2brirad8k2ben1letg/gradle-4.6/lib/jsr305-2.0.1.jar
7fadb400b000-7fadb400e000 r--s 0001a000 fd:00 8914892                    /home/appinventiv/.gradle/wrapper/dists/gradle-4.6-all/bcst21l2brirad8k2ben1letg/gradle-4.6/lib/fastutil-7.2.1-min.jar
7fadb400e000-7fadb4013000 r--s 00041000 fd:00 8914893                    /home/appinventiv/.gradle/wrapper/dists/gradle-4.6-all/bcst21l2brirad8k2ben1letg/gradle-4.6/lib/commons-lang-2.6.jar
7fadb4013000-7fadb4017000 r--s 0002a000 fd:00 8914884                    /home/appinventiv/.gradle/wrapper/dists/gradle-4.6-all/bcst21l2brirad8k2ben1letg/gradle-4.6/lib/commons-io-2.4.jar
7fadb4017000-7fadb4019000 r--s 00016000 fd:00 8914883                    /home/appinventiv/.gradle/wrapper/dists/gradle-4.6-all/bcst21l2brirad8k2ben1letg/gradle-4.6/lib/asm-6.0.jar
7fadb4019000-7fadb4058000 r--s 00219000 fd:00 8914863                    /home/appinventiv/.gradle/wrapper/dists/gradle-4.6-all/bcst21l2brirad8k2ben1letg/gradle-4.6/lib/gradle-core-4.6.jar
7fadb4058000-7fadb4065000 r--s 00035000 fd:00 8914865                    /home/appinventiv/.gradle/wrapper/dists/gradle-4.6-all/bcst21l2brirad8k2ben1letg/gradle-4.6/lib/gradle-core-api-4.6.jar
7fadb4065000-7fadb4071000 r--s 0005e000 fd:00 8914858                    /home/appinventiv/.gradle/wrapper/dists/gradle-4.6-all/bcst21l2brirad8k2ben1letg/gradle-4.6/lib/gradle-launcher-4.6.jar
7fadb4071000-7fadb4b2c000 rw-p 00000000 00:00 0 
7fadb4b2c000-7fadb4cfc000 r--s 03c54000 fd:00 8918663                    /home/appinventiv/android-studio-ide-181.5056338-linux/android-studio/jre/jre/lib/rt.jar
7fadb4cfc000-7fadb87fc000 rw-p 00000000 00:00 0 
7fadb87fc000-7fadb87fd000 ---p 00000000 00:00 0 
7fadb87fd000-7fadb88fd000 rw-p 00000000 00:00 0 
7fadb88fd000-7fadb88fe000 ---p 00000000 00:00 0 
7fadb88fe000-7fadb89fe000 rw-p 00000000 00:00 0 
7fadb89fe000-7fadb89ff000 ---p 00000000 00:00 0 
7fadb89ff000-7fadb8b1d000 rw-p 00000000 00:00 0 
7fadb8b1d000-7fadb8cff000 ---p 00000000 00:00 0 
7fadb8cff000-7fadb8d1d000 rw-p 00000000 00:00 0 
7fadb8d1d000-7fadb8eff000 ---p 00000000 00:00 0 
7fadb8eff000-7fadb8f40000 rw-p 00000000 00:00 0 
7fadb8f40000-7fadb8fff000 ---p 00000000 00:00 0 
7fadb8fff000-7fadb9000000 rw-p 00000000 00:00 0 
7fadb9000000-7fadb9870000 rwxp 00000000 00:00 0 
7fadb9870000-7fadc8000000 ---p 00000000 00:00 0 
7fadc8000000-7fadc8e50000 rw-p 00000000 00:00 0 
7fadc8e50000-7fadcc000000 ---p 00000000 00:00 0 
7fadcc000000-7fadcc076000 rw-p 00000000 00:00 0 
7fadcc076000-7fadcc077000 ---p 00000000 00:00 0 
7fadcc077000-7fadcc199000 rw-p 00000000 00:00 0 
7fadcc199000-7fadcc537000 ---p 00000000 00:00 0 
7fadcc537000-7fadcc551000 r-xp 00000000 fd:00 9048626                    /home/appinventiv/android-studio-ide-181.5056338-linux/android-studio/jre/jre/lib/amd64/libzip.so
7fadcc551000-7fadcc750000 ---p 0001a000 fd:00 9048626                    /home/appinventiv/android-studio-ide-181.5056338-linux/android-studio/jre/jre/lib/amd64/libzip.so
7fadcc750000-7fadcc751000 r--p 00019000 fd:00 9048626                    /home/appinventiv/android-studio-ide-181.5056338-linux/android-studio/jre/jre/lib/amd64/libzip.so
7fadcc751000-7fadcc752000 rw-p 0001a000 fd:00 9048626                    /home/appinventiv/android-studio-ide-181.5056338-linux/android-studio/jre/jre/lib/amd64/libzip.so
7fadcc752000-7fadcc75d000 r-xp 00000000 fd:00 7869221                    /lib/x86_64-linux-gnu/libnss_files-2.27.so
7fadcc75d000-7fadcc95c000 ---p 0000b000 fd:00 7869221                    /lib/x86_64-linux-gnu/libnss_files-2.27.so
7fadcc95c000-7fadcc95d000 r--p 0000a000 fd:00 7869221                    /lib/x86_64-linux-gnu/libnss_files-2.27.so
7fadcc95d000-7fadcc95e000 rw-p 0000b000 fd:00 7869221                    /lib/x86_64-linux-gnu/libnss_files-2.27.so
7fadcc95e000-7fadcc964000 rw-p 00000000 00:00 0 
7fadcc964000-7fadcc97b000 r-xp 00000000 fd:00 7869215                    /lib/x86_64-linux-gnu/libnsl-2.27.so
7fadcc97b000-7fadccb7a000 ---p 00017000 fd:00 7869215                    /lib/x86_64-linux-gnu/libnsl-2.27.so
7fadccb7a000-7fadccb7b000 r--p 00016000 fd:00 7869215                    /lib/x86_64-linux-gnu/libnsl-2.27.so
7fadccb7b000-7fadccb7c000 rw-p 00017000 fd:00 7869215                    /lib/x86_64-linux-gnu/libnsl-2.27.so
7fadccb7c000-7fadccb7e000 rw-p 00000000 00:00 0 
7fadccb7e000-7fadccb89000 r-xp 00000000 fd:00 7869232                    /lib/x86_64-linux-gnu/libnss_nis-2.27.so
7fadccb89000-7fadccd88000 ---p 0000b000 fd:00 7869232                    /lib/x86_64-linux-gnu/libnss_nis-2.27.so
7fadccd88000-7fadccd89000 r--p 0000a000 fd:00 7869232                    /lib/x86_64-linux-gnu/libnss_nis-2.27.so
7fadccd89000-7fadccd8a000 rw-p 0000b000 fd:00 7869232                    /lib/x86_64-linux-gnu/libnss_nis-2.27.so
7fadccd8a000-7fadccd92000 r-xp 00000000 fd:00 7869217                    /lib/x86_64-linux-gnu/libnss_compat-2.27.so
7fadccd92000-7fadccf92000 ---p 00008000 fd:00 7869217                    /lib/x86_64-linux-gnu/libnss_compat-2.27.so
7fadccf92000-7fadccf93000 r--p 00008000 fd:00 7869217                    /lib/x86_64-linux-gnu/libnss_compat-2.27.so
7fadccf93000-7fadccf94000 rw-p 00009000 fd:00 7869217                    /lib/x86_64-linux-gnu/libnss_compat-2.27.so
7fadccf94000-7fadccfc1000 r-xp 00000000 fd:00 9048625                    /home/appinventiv/android-studio-ide-181.5056338-linux/android-studio/jre/jre/lib/amd64/libjava.so
7fadccfc1000-7fadcd1c0000 ---p 0002d000 fd:00 9048625                    /home/appinventiv/android-studio-ide-181.5056338-linux/android-studio/jre/jre/lib/amd64/libjava.so
7fadcd1c0000-7fadcd1c1000 r--p 0002c000 fd:00 9048625                    /home/appinventiv/android-studio-ide-181.5056338-linux/android-studio/jre/jre/lib/amd64/libjava.so
7fadcd1c1000-7fadcd1c3000 rw-p 0002d000 fd:00 9048625                    /home/appinventiv/android-studio-ide-181.5056338-linux/android-studio/jre/jre/lib/amd64/libjava.so
7fadcd1c3000-7fadcd1d4000 r-xp 00000000 fd:00 9048607                    /home/appinventiv/android-studio-ide-181.5056338-linux/android-studio/jre/jre/lib/amd64/libverify.so
7fadcd1d4000-7fadcd3d3000 ---p 00011000 fd:00 9048607                    /home/appinventiv/android-studio-ide-181.5056338-linux/android-studio/jre/jre/lib/amd64/libverify.so
7fadcd3d3000-7fadcd3d5000 r--p 00010000 fd:00 9048607                    /home/appinventiv/android-studio-ide-181.5056338-linux/android-studio/jre/jre/lib/amd64/libverify.so
7fadcd3d5000-7fadcd3d6000 rw-p 00012000 fd:00 9048607                    /home/appinventiv/android-studio-ide-181.5056338-linux/android-studio/jre/jre/lib/amd64/libverify.so
7fadcd3d6000-7fadcd3dd000 r-xp 00000000 fd:00 7869272                    /lib/x86_64-linux-gnu/librt-2.27.so
7fadcd3dd000-7fadcd5dc000 ---p 00007000 fd:00 7869272                    /lib/x86_64-linux-gnu/librt-2.27.so
7fadcd5dc000-7fadcd5dd000 r--p 00006000 fd:00 7869272                    /lib/x86_64-linux-gnu/librt-2.27.so
7fadcd5dd000-7fadcd5de000 rw-p 00007000 fd:00 7869272                    /lib/x86_64-linux-gnu/librt-2.27.so
7fadcd5de000-7fadcd77b000 r-xp 00000000 fd:00 7869194                    /lib/x86_64-linux-gnu/libm-2.27.so
7fadcd77b000-7fadcd97a000 ---p 0019d000 fd:00 7869194                    /lib/x86_64-linux-gnu/libm-2.27.so
7fadcd97a000-7fadcd97b000 r--p 0019c000 fd:00 7869194                    /lib/x86_64-linux-gnu/libm-2.27.so
7fadcd97b000-7fadcd97c000 rw-p 0019d000 fd:00 7869194                    /lib/x86_64-linux-gnu/libm-2.27.so
7fadcd97c000-7fadce5e8000 r-xp 00000000 fd:00 9048600                    /home/appinventiv/android-studio-ide-181.5056338-linux/android-studio/jre/jre/lib/amd64/server/libjvm.so
7fadce5e8000-7fadce7e8000 ---p 00c6c000 fd:00 9048600                    /home/appinventiv/android-studio-ide-181.5056338-linux/android-studio/jre/jre/lib/amd64/server/libjvm.so
7fadce7e8000-7fadce87c000 r--p 00c6c000 fd:00 9048600                    /home/appinventiv/android-studio-ide-181.5056338-linux/android-studio/jre/jre/lib/amd64/server/libjvm.so
7fadce87c000-7fadce8a4000 rw-p 00d00000 fd:00 9048600                    /home/appinventiv/android-studio-ide-181.5056338-linux/android-studio/jre/jre/lib/amd64/server/libjvm.so
7fadce8a4000-7fadce8d5000 rw-p 00000000 00:00 0 
7fadce8d5000-7fadceabc000 r-xp 00000000 fd:00 7869131                    /lib/x86_64-linux-gnu/libc-2.27.so
7fadceabc000-7fadcecbc000 ---p 001e7000 fd:00 7869131                    /lib/x86_64-linux-gnu/libc-2.27.so
7fadcecbc000-7fadcecc0000 r--p 001e7000 fd:00 7869131                    /lib/x86_64-linux-gnu/libc-2.27.so
7fadcecc0000-7fadcecc2000 rw-p 001eb000 fd:00 7869131                    /lib/x86_64-linux-gnu/libc-2.27.so
7fadcecc2000-7fadcecc6000 rw-p 00000000 00:00 0 
7fadcecc6000-7fadcecc9000 r-xp 00000000 fd:00 7869154                    /lib/x86_64-linux-gnu/libdl-2.27.so
7fadcecc9000-7fadceec8000 ---p 00003000 fd:00 7869154                    /lib/x86_64-linux-gnu/libdl-2.27.so
7fadceec8000-7fadceec9000 r--p 00002000 fd:00 7869154                    /lib/x86_64-linux-gnu/libdl-2.27.so
7fadceec9000-7fadceeca000 rw-p 00003000 fd:00 7869154                    /lib/x86_64-linux-gnu/libdl-2.27.so
7fadceeca000-7fadceee0000 r-xp 00000000 fd:00 9178941                    /home/appinventiv/android-studio-ide-181.5056338-linux/android-studio/jre/lib/amd64/jli/libjli.so
7fadceee0000-7fadcf0e0000 ---p 00016000 fd:00 9178941                    /home/appinventiv/android-studio-ide-181.5056338-linux/android-studio/jre/lib/amd64/jli/libjli.so
7fadcf0e0000-7fadcf0e1000 r--p 00016000 fd:00 9178941                    /home/appinventiv/android-studio-ide-181.5056338-linux/android-studio/jre/lib/amd64/jli/libjli.so
7fadcf0e1000-7fadcf0e2000 rw-p 00017000 fd:00 9178941                    /home/appinventiv/android-studio-ide-181.5056338-linux/android-studio/jre/lib/amd64/jli/libjli.so
7fadcf0e2000-7fadcf0fc000 r-xp 00000000 fd:00 7869264                    /lib/x86_64-linux-gnu/libpthread-2.27.so
7fadcf0fc000-7fadcf2fb000 ---p 0001a000 fd:00 7869264                    /lib/x86_64-linux-gnu/libpthread-2.27.so
7fadcf2fb000-7fadcf2fc000 r--p 00019000 fd:00 7869264                    /lib/x86_64-linux-gnu/libpthread-2.27.so
7fadcf2fc000-7fadcf2fd000 rw-p 0001a000 fd:00 7869264                    /lib/x86_64-linux-gnu/libpthread-2.27.so
7fadcf2fd000-7fadcf301000 rw-p 00000000 00:00 0 
7fadcf301000-7fadcf328000 r-xp 00000000 fd:00 7869103                    /lib/x86_64-linux-gnu/ld-2.27.so
7fadcf328000-7fadcf329000 r--s 00000000 fd:00 8914894                    /home/appinventiv/.gradle/wrapper/dists/gradle-4.6-all/bcst21l2brirad8k2ben1letg/gradle-4.6/lib/jcip-annotations-1.0.jar
7fadcf329000-7fadcf32a000 r--s 00009000 fd:00 8914889                    /home/appinventiv/.gradle/wrapper/dists/gradle-4.6-all/bcst21l2brirad8k2ben1letg/gradle-4.6/lib/slf4j-api-1.7.16.jar
7fadcf32a000-7fadcf32b000 r--s 00004000 fd:00 8914903                    /home/appinventiv/.gradle/wrapper/dists/gradle-4.6-all/bcst21l2brirad8k2ben1letg/gradle-4.6/lib/ant-launcher-1.9.9.jar
7fadcf32b000-7fadcf40e000 rw-p 00000000 00:00 0 
7fadcf40e000-7fadcf40f000 ---p 00000000 00:00 0 
7fadcf40f000-7fadcf412000 ---p 00000000 00:00 0 
7fadcf412000-7fadcf511000 rw-p 00000000 00:00 0 
7fadcf511000-7fadcf51c000 r--s 0005a000 fd:00 8914876                    /home/appinventiv/.gradle/wrapper/dists/gradle-4.6-all/bcst21l2brirad8k2ben1letg/gradle-4.6/lib/gradle-base-services-4.6.jar
7fadcf51c000-7fadcf524000 rw-s 00000000 fd:00 5256190                    /tmp/hsperfdata_appinventiv/16479
7fadcf524000-7fadcf525000 rw-p 00000000 00:00 0 
7fadcf525000-7fadcf526000 ---p 00000000 00:00 0 
7fadcf526000-7fadcf528000 rw-p 00000000 00:00 0 
7fadcf528000-7fadcf529000 r--p 00027000 fd:00 7869103                    /lib/x86_64-linux-gnu/ld-2.27.so
7fadcf529000-7fadcf52a000 rw-p 00028000 fd:00 7869103                    /lib/x86_64-linux-gnu/ld-2.27.so
7fadcf52a000-7fadcf52b000 rw-p 00000000 00:00 0 
7fff07d07000-7fff07d28000 rw-p 00000000 00:00 0                          [stack]
7fff07dda000-7fff07ddd000 r--p 00000000 00:00 0                          [vvar]
7fff07ddd000-7fff07ddf000 r-xp 00000000 00:00 0                          [vdso]
ffffffffff600000-ffffffffff601000 r-xp 00000000 00:00 0                  [vsyscall]

VM Arguments:
jvm_args: -Xmx1536m -Dfile.encoding=UTF-8 -Duser.country=IN -Duser.language=en -Duser.variant 
java_command: org.gradle.launcher.daemon.bootstrap.GradleDaemon 4.6
java_class_path (initial): /home/appinventiv/.gradle/wrapper/dists/gradle-4.6-all/bcst21l2brirad8k2ben1letg/gradle-4.6/lib/gradle-launcher-4.6.jar
Launcher Type: SUN_STANDARD

Environment Variables:
PATH=/usr/local/sbin:/usr/local/bin:/usr/sbin:/usr/bin:/sbin:/bin:/usr/games:/usr/local/games:/snap/bin
USERNAME=appinventiv
SHELL=/bin/bash
DISPLAY=:0

Signal Handlers:
SIGSEGV: [libjvm.so+0xa71670], sa_mask[0]=11111111011111111101111111111110, sa_flags=SA_RESTART|SA_SIGINFO
SIGBUS: [libjvm.so+0xa71670], sa_mask[0]=11111111011111111101111111111110, sa_flags=SA_RESTART|SA_SIGINFO
SIGFPE: [libjvm.so+0x8b1780], sa_mask[0]=11111111011111111101111111111110, sa_flags=SA_RESTART|SA_SIGINFO
SIGPIPE: [libjvm.so+0x8b1780], sa_mask[0]=11111111011111111101111111111110, sa_flags=SA_RESTART|SA_SIGINFO
SIGXFSZ: [libjvm.so+0x8b1780], sa_mask[0]=11111111011111111101111111111110, sa_flags=SA_RESTART|SA_SIGINFO
SIGILL: [libjvm.so+0x8b1780], sa_mask[0]=11111111011111111101111111111110, sa_flags=SA_RESTART|SA_SIGINFO
SIGUSR1: SIG_DFL, sa_mask[0]=00000000000000000000000000000000, sa_flags=none
SIGUSR2: [libjvm.so+0x8b1650], sa_mask[0]=00100000000000000000000000000000, sa_flags=SA_RESTART|SA_SIGINFO
SIGHUP: [libjvm.so+0x8b1ab0], sa_mask[0]=11111111011111111101111111111110, sa_flags=SA_RESTART|SA_SIGINFO
SIGINT: [libjvm.so+0x8b1ab0], sa_mask[0]=11111111011111111101111111111110, sa_flags=SA_RESTART|SA_SIGINFO
SIGTERM: [libjvm.so+0x8b1ab0], sa_mask[0]=11111111011111111101111111111110, sa_flags=SA_RESTART|SA_SIGINFO
SIGQUIT: [libjvm.so+0x8b1ab0], sa_mask[0]=11111111011111111101111111111110, sa_flags=SA_RESTART|SA_SIGINFO


---------------  S Y S T E M  ---------------

OS:DISTRIB_ID=Ubuntu
DISTRIB_RELEASE=18.04
DISTRIB_CODENAME=bionic
DISTRIB_DESCRIPTION="Ubuntu 18.04.1 LTS"

uname:Linux 4.15.0-29-generic #31-Ubuntu SMP Tue Jul 17 15:39:52 UTC 2018 x86_64
libc:glibc 2.27 NPTL 2.27 
rlimit: STACK 8192k, CORE 0k, NPROC 30435, NOFILE 1048576, AS infinity
load average:19.53 14.43 7.47

/proc/meminfo:
MemTotal:        7852464 kB
MemFree:          105192 kB
MemAvailable:       2460 kB
Buffers:             396 kB
Cached:           376412 kB
SwapCached:         1352 kB
Active:          6592268 kB
Inactive:         834668 kB
Active(anon):    6588848 kB
Inactive(anon):   823824 kB
Active(file):       3420 kB
Inactive(file):    10844 kB
Unevictable:         136 kB
Mlocked:             136 kB
SwapTotal:        999420 kB
SwapFree:              0 kB
Dirty:               168 kB
Writeback:             0 kB
AnonPages:       7049328 kB
Mapped:            76356 kB
Shmem:            362400 kB
Slab:             119536 kB
SReclaimable:      49804 kB
SUnreclaim:        69732 kB
KernelStack:       18768 kB
PageTables:        97980 kB
NFS_Unstable:          0 kB
Bounce:                0 kB
WritebackTmp:          0 kB
CommitLimit:     4925652 kB
Committed_AS:   17413064 kB
VmallocTotal:   34359738367 kB
VmallocUsed:           0 kB
VmallocChunk:          0 kB
HardwareCorrupted:     0 kB
AnonHugePages:         0 kB
ShmemHugePages:        0 kB
ShmemPmdMapped:        0 kB
CmaTotal:              0 kB
CmaFree:               0 kB
HugePages_Total:       0
HugePages_Free:        0
HugePages_Rsvd:        0
HugePages_Surp:        0
Hugepagesize:       2048 kB
DirectMap4k:      290864 kB
DirectMap2M:     7778304 kB
DirectMap1G:     1048576 kB


CPU:total 4 (initial active 4) (2 cores per cpu, 2 threads per core) family 6 model 69 stepping 1, cmov, cx8, fxsr, mmx, sse, sse2, sse3, ssse3, sse4.1, sse4.2, popcnt, avx, avx2, aes, clmul, erms, lzcnt, ht, tsc, tscinvbit, bmi1, bmi2

/proc/cpuinfo:
processor	: 0
vendor_id	: GenuineIntel
cpu family	: 6
model		: 69
model name	: Intel(R) Core(TM) i7-4600U CPU @ 2.10GHz
stepping	: 1
microcode	: 0x23
cpu MHz		: 2652.888
cache size	: 4096 KB
physical id	: 0
siblings	: 4
core id		: 0
cpu cores	: 2
apicid		: 0
initial apicid	: 0
fpu		: yes
fpu_exception	: yes
cpuid level	: 13
wp		: yes
flags		: fpu vme de pse tsc msr pae mce cx8 apic sep mtrr pge mca cmov pat pse36 clflush dts acpi mmx fxsr sse sse2 ss ht tm pbe syscall nx pdpe1gb rdtscp lm constant_tsc arch_perfmon pebs bts rep_good nopl xtopology nonstop_tsc cpuid aperfmperf pni pclmulqdq dtes64 monitor ds_cpl vmx smx est tm2 ssse3 sdbg fma cx16 xtpr pdcm pcid sse4_1 sse4_2 x2apic movbe popcnt tsc_deadline_timer aes xsave avx f16c rdrand lahf_lm abm cpuid_fault epb invpcid_single pti ibrs ibpb stibp tpr_shadow vnmi flexpriority ept vpid fsgsbase tsc_adjust bmi1 avx2 smep bmi2 erms invpcid xsaveopt dtherm ida arat pln pts
bugs		: cpu_meltdown spectre_v1 spectre_v2 spec_store_bypass
bogomips	: 5387.37
clflush size	: 64
cache_alignment	: 64
address sizes	: 39 bits physical, 48 bits virtual
power management:

processor	: 1
vendor_id	: GenuineIntel
cpu family	: 6
model		: 69
model name	: Intel(R) Core(TM) i7-4600U CPU @ 2.10GHz
stepping	: 1
microcode	: 0x23
cpu MHz		: 2638.040
cache size	: 4096 KB
physical id	: 0
siblings	: 4
core id		: 0
cpu cores	: 2
apicid		: 1
initial apicid	: 1
fpu		: yes
fpu_exception	: yes
cpuid level	: 13
wp		: yes
flags		: fpu vme de pse tsc msr pae mce cx8 apic sep mtrr pge mca cmov pat pse36 clflush dts acpi mmx fxsr sse sse2 ss ht tm pbe syscall nx pdpe1gb rdtscp lm constant_tsc arch_perfmon pebs bts rep_good nopl xtopology nonstop_tsc cpuid aperfmperf pni pclmulqdq dtes64 monitor ds_cpl vmx smx est tm2 ssse3 sdbg fma cx16 xtpr pdcm pcid sse4_1 sse4_2 x2apic movbe popcnt tsc_deadline_timer aes xsave avx f16c rdrand lahf_lm abm cpuid_fault epb invpcid_single pti ibrs ibpb stibp tpr_shadow vnmi flexpriority ept vpid fsgsbase tsc_adjust bmi1 avx2 smep bmi2 erms invpcid xsaveopt dtherm ida arat pln pts
bugs		: cpu_meltdown spectre_v1 spectre_v2 spec_store_bypass
bogomips	: 5387.37
clflush size	: 64
cache_alignment	: 64
address sizes	: 39 bits physical, 48 bits virtual
power management:

processor	: 2
vendor_id	: GenuineIntel
cpu family	: 6
model		: 69
model name	: Intel(R) Core(TM) i7-4600U CPU @ 2.10GHz
stepping	: 1
microcode	: 0x23
cpu MHz		: 2725.465
cache size	: 4096 KB
physical id	: 0
siblings	: 4
core id		: 1
cpu cores	: 2
apicid		: 2
initial apicid	: 2
fpu		: yes
fpu_exception	: yes
cpuid level	: 13
wp		: yes
flags		: fpu vme de pse tsc msr pae mce cx8 apic sep mtrr pge mca cmov pat pse36 clflush dts acpi mmx fxsr sse sse2 ss ht tm pbe syscall nx pdpe1gb rdtscp lm constant_tsc arch_perfmon pebs bts rep_good nopl xtopology nonstop_tsc cpuid aperfmperf pni pclmulqdq dtes64 monitor ds_cpl vmx smx est tm2 ssse3 sdbg fma cx16 xtpr pdcm pcid sse4_1 sse4_2 x2apic movbe popcnt tsc_deadline_timer aes xsave avx f16c rdrand lahf_lm abm cpuid_fault epb invpcid_single pti ibrs ibpb stibp tpr_shadow vnmi flexpriority ept vpid fsgsbase tsc_adjust bmi1 avx2 smep bmi2 erms invpcid xsaveopt dtherm ida arat pln pts
bugs		: cpu_meltdown spectre_v1 spectre_v2 spec_store_bypass
bogomips	: 5387.37
clflush size	: 64
cache_alignment	: 64
address sizes	: 39 bits physical, 48 bits virtual
power management:

processor	: 3
vendor_id	: GenuineIntel
cpu family	: 6
model		: 69
model name	: Intel(R) Core(TM) i7-4600U CPU @ 2.10GHz
stepping	: 1
microcode	: 0x23
cpu MHz		: 2886.633
cache size	: 4096 KB
physical id	: 0
siblings	: 4
core id		: 1
cpu cores	: 2
apicid		: 3
initial apicid	: 3
fpu		: yes
fpu_exception	: yes
cpuid level	: 13
wp		: yes
flags		: fpu vme de pse tsc msr pae mce cx8 apic sep mtrr pge mca cmov pat pse36 clflush dts acpi mmx fxsr sse sse2 ss ht tm pbe syscall nx pdpe1gb rdtscp lm constant_tsc arch_perfmon pebs bts rep_good nopl xtopology nonstop_tsc cpuid aperfmperf pni pclmulqdq dtes64 monitor ds_cpl vmx smx est tm2 ssse3 sdbg fma cx16 xtpr pdcm pcid sse4_1 sse4_2 x2apic movbe popcnt tsc_deadline_timer aes xsave avx f16c rdrand lahf_lm abm cpuid_fault epb invpcid_single pti ibrs ibpb stibp tpr_shadow vnmi flexpriority ept vpid fsgsbase tsc_adjust bmi1 avx2 smep bmi2 erms invpcid xsaveopt dtherm ida arat pln pts
bugs		: cpu_meltdown spectre_v1 spectre_v2 spec_store_bypass
bogomips	: 5387.37
clflush size	: 64
cache_alignment	: 64
address sizes	: 39 bits physical, 48 bits virtual
power management:



Memory: 4k page, physical 7852464k(101772k free), swap 999420k(0k free)

vm_info: OpenJDK 64-Bit Server VM (25.152-b06) for linux-amd64 JRE (1.8.0_152-release-1136-b06), built by "builder" with gcc 7.3.0

time: Fri Oct 19 13:47:00 2018
elapsed time: 35 seconds (0d 0h 0m 35s)

